[0.061s] Invoking command in '/home/ubuntu/f1tenth_ws/build/ydlidar_sdk': /usr/bin/cmake --build /home/ubuntu/f1tenth_ws/build/ydlidar_sdk -- -j4 -l4
[0.414s] [ 40%] Built target ydlidar_sdk
[0.506s] [ 44%] Built target et_test
[0.633s] [ 48%] Built target gs_test2
[0.726s] [ 53%] Built target scl_test
[0.822s] [ 57%] Built target sdm18_test
[0.937s] [ 61%] Built target sdm_test
[0.996s] [ 65%] Built target tea_test
[1.102s] [ 70%] Built target tmini_test
[1.190s] [ 74%] Built target tof_test
[1.281s] [ 78%] Built target tri_and_gs_test
[1.362s] [ 82%] Built target tri_restart
[1.437s] [ 87%] Built target tri_test
[1.529s] [ 91%] Built target lidar_c_api_test
[1.593s] [ 95%] Built target gs_test
[1.699s] [100%] Built target gs_ota
[1.737s] Invoked command in '/home/ubuntu/f1tenth_ws/build/ydlidar_sdk' returned '0': /usr/bin/cmake --build /home/ubuntu/f1tenth_ws/build/ydlidar_sdk -- -j4 -l4
[2.087s] Invoking command in '/home/ubuntu/f1tenth_ws/build/ydlidar_sdk': /usr/bin/cmake --install /home/ubuntu/f1tenth_ws/build/ydlidar_sdk
[2.108s] -- Install configuration: ""
[2.109s] -- Up-to-date: /home/ubuntu/f1tenth_ws/install/ydlidar_sdk/include/core/base/datatype.h
[2.109s] -- Up-to-date: /home/ubuntu/f1tenth_ws/install/ydlidar_sdk/include/core/base/locker.h
[2.109s] -- Up-to-date: /home/ubuntu/f1tenth_ws/install/ydlidar_sdk/include/core/base/thread.h
[2.109s] -- Up-to-date: /home/ubuntu/f1tenth_ws/install/ydlidar_sdk/include/core/base/timer.h
[2.109s] -- Up-to-date: /home/ubuntu/f1tenth_ws/install/ydlidar_sdk/include/core/base/typedef.h
[2.109s] -- Up-to-date: /home/ubuntu/f1tenth_ws/install/ydlidar_sdk/include/core/base/utils.h
[2.109s] -- Up-to-date: /home/ubuntu/f1tenth_ws/install/ydlidar_sdk/include/core/base/v8stdint.h
[2.109s] -- Up-to-date: /home/ubuntu/f1tenth_ws/install/ydlidar_sdk/include/core/base/ydlidar.h
[2.110s] -- Up-to-date: /home/ubuntu/f1tenth_ws/install/ydlidar_sdk/include/core/common/ChannelDevice.h
[2.110s] -- Up-to-date: /home/ubuntu/f1tenth_ws/install/ydlidar_sdk/include/core/common/DriverInterface.h
[2.110s] -- Up-to-date: /home/ubuntu/f1tenth_ws/install/ydlidar_sdk/include/core/common/ydlidar_datatype.h
[2.110s] -- Up-to-date: /home/ubuntu/f1tenth_ws/install/ydlidar_sdk/include/core/common/ydlidar_def.h
[2.110s] -- Up-to-date: /home/ubuntu/f1tenth_ws/install/ydlidar_sdk/include/core/common/ydlidar_help.h
[2.110s] -- Up-to-date: /home/ubuntu/f1tenth_ws/install/ydlidar_sdk/include/core/common/ydlidar_protocol.h
[2.110s] -- Up-to-date: /home/ubuntu/f1tenth_ws/install/ydlidar_sdk/include/core/math/angles.h
[2.110s] -- Up-to-date: /home/ubuntu/f1tenth_ws/install/ydlidar_sdk/include/core/network/ActiveSocket.h
[2.110s] -- Up-to-date: /home/ubuntu/f1tenth_ws/install/ydlidar_sdk/include/core/network/PassiveSocket.h
[2.110s] -- Up-to-date: /home/ubuntu/f1tenth_ws/install/ydlidar_sdk/include/core/network/SimpleSocket.h
[2.110s] -- Up-to-date: /home/ubuntu/f1tenth_ws/install/ydlidar_sdk/include/core/network/StatTimer.h
[2.110s] -- Up-to-date: /home/ubuntu/f1tenth_ws/install/ydlidar_sdk/include/core/serial/common.h
[2.110s] -- Up-to-date: /home/ubuntu/f1tenth_ws/install/ydlidar_sdk/include/core/serial/serial.h
[2.110s] -- Up-to-date: /home/ubuntu/f1tenth_ws/install/ydlidar_sdk/include/core/serial/impl/unix/lock.h
[2.110s] -- Up-to-date: /home/ubuntu/f1tenth_ws/install/ydlidar_sdk/include/core/serial/impl/unix/unix.h
[2.111s] -- Up-to-date: /home/ubuntu/f1tenth_ws/install/ydlidar_sdk/include/core/serial/impl/unix/unix_serial.h
[2.111s] -- Up-to-date: /home/ubuntu/f1tenth_ws/install/ydlidar_sdk/include/src/CYdLidar.h
[2.111s] -- Up-to-date: /home/ubuntu/f1tenth_ws/install/ydlidar_sdk/include/src/DTSLidarDriver.h
[2.111s] -- Up-to-date: /home/ubuntu/f1tenth_ws/install/ydlidar_sdk/include/src/ETLidarDriver.h
[2.111s] -- Up-to-date: /home/ubuntu/f1tenth_ws/install/ydlidar_sdk/include/src/GSLidarDriver.h
[2.111s] -- Up-to-date: /home/ubuntu/f1tenth_ws/install/ydlidar_sdk/include/src/SDMLidarDriver.h
[2.111s] -- Up-to-date: /home/ubuntu/f1tenth_ws/install/ydlidar_sdk/include/src/YDlidarDriver.h
[2.111s] -- Up-to-date: /home/ubuntu/f1tenth_ws/install/ydlidar_sdk/include/src/ydlidar_sdk.h
[2.111s] -- Up-to-date: /home/ubuntu/f1tenth_ws/install/ydlidar_sdk/include/src/filters/FilterInterface.h
[2.111s] -- Up-to-date: /home/ubuntu/f1tenth_ws/install/ydlidar_sdk/include/src/filters/NoiseFilter.h
[2.111s] -- Up-to-date: /home/ubuntu/f1tenth_ws/install/ydlidar_sdk/include/src/filters/StrongLightFilter.h
[2.111s] -- Up-to-date: /home/ubuntu/f1tenth_ws/install/ydlidar_sdk/include/ydlidar_config.h
[2.111s] -- Up-to-date: /home/ubuntu/f1tenth_ws/install/ydlidar_sdk/lib/libydlidar_sdk.a
[2.111s] -- Up-to-date: /home/ubuntu/f1tenth_ws/install/ydlidar_sdk/lib/pkgconfig/YDLIDAR_SDK.pc
[2.111s] -- Up-to-date: /home/ubuntu/f1tenth_ws/install/ydlidar_sdk/lib/cmake/ydlidar_sdk/ydlidar_sdkConfig.cmake
[2.111s] -- Up-to-date: /home/ubuntu/f1tenth_ws/install/ydlidar_sdk/lib/cmake/ydlidar_sdk/ydlidar_sdkTargets.cmake
[2.111s] -- Up-to-date: /home/ubuntu/f1tenth_ws/install/ydlidar_sdk/lib/cmake/ydlidar_sdk/ydlidar_sdkConfigVersion.cmake
[2.112s] -- Up-to-date: /home/ubuntu/f1tenth_ws/install/ydlidar_sdk/share/YDLIDAR_SDK/FindYDLIDAR_SDK.cmake
[2.112s] -- Up-to-date: /home/ubuntu/f1tenth_ws/install/ydlidar_sdk/share/YDLIDAR_SDK
[2.112s] -- Up-to-date: /home/ubuntu/f1tenth_ws/install/ydlidar_sdk/share/YDLIDAR_SDK/install_package.cmake
[2.112s] -- Up-to-date: /home/ubuntu/f1tenth_ws/install/ydlidar_sdk/share/YDLIDAR_SDK/PackageConfig.cmake.in
[2.112s] -- Up-to-date: /home/ubuntu/f1tenth_ws/install/ydlidar_sdk/share/YDLIDAR_SDK/PkgConfig.pc.in
[2.112s] -- Up-to-date: /home/ubuntu/f1tenth_ws/install/ydlidar_sdk/share/YDLIDAR_SDK/script_show_final_summary.cmake
[2.112s] -- Up-to-date: /home/ubuntu/f1tenth_ws/install/ydlidar_sdk/share/YDLIDAR_SDK/FindPackage.cmake.in
[2.112s] -- Up-to-date: /home/ubuntu/f1tenth_ws/install/ydlidar_sdk/share/YDLIDAR_SDK/cmake_uninstall.cmake.in
[2.112s] -- Up-to-date: /home/ubuntu/f1tenth_ws/install/ydlidar_sdk/share/YDLIDAR_SDK/common
[2.112s] -- Up-to-date: /home/ubuntu/f1tenth_ws/install/ydlidar_sdk/share/YDLIDAR_SDK/common/ydlidar_base.cmake
[2.112s] -- Up-to-date: /home/ubuntu/f1tenth_ws/install/ydlidar_sdk/share/YDLIDAR_SDK/common/ydlidar_parse.cmake
[2.117s] -- Up-to-date: /home/ubuntu/f1tenth_ws/install/ydlidar_sdk/share/YDLIDAR_SDK/PackageConfigVersion.cmake.in
[2.119s] -- Up-to-date: /home/ubuntu/f1tenth_ws/install/ydlidar_sdk/share/YDLIDAR_SDK/LICENSE.txt
[2.120s] -- Up-to-date: /home/ubuntu/f1tenth_ws/install/ydlidar_sdk/share/YDLIDAR_SDK/README.md
[2.120s] -- Up-to-date: /home/ubuntu/f1tenth_ws/install/ydlidar_sdk/share/YDLIDAR_SDK/doc
[2.120s] -- Up-to-date: /home/ubuntu/f1tenth_ws/install/ydlidar_sdk/share/YDLIDAR_SDK/doc/YDLidar-SDK-Communication-Protocol.html
[2.120s] -- Up-to-date: /home/ubuntu/f1tenth_ws/install/ydlidar_sdk/share/YDLIDAR_SDK/doc/Dataset.md
[2.121s] -- Up-to-date: /home/ubuntu/f1tenth_ws/install/ydlidar_sdk/share/YDLIDAR_SDK/doc/YDLIDAR_SDK_API_for_Developers.md
[2.121s] -- Up-to-date: /home/ubuntu/f1tenth_ws/install/ydlidar_sdk/share/YDLIDAR_SDK/doc/tutorials
[2.121s] -- Up-to-date: /home/ubuntu/f1tenth_ws/install/ydlidar_sdk/share/YDLIDAR_SDK/doc/tutorials/examine_the_simple_lidar_tutorial.md
[2.122s] -- Up-to-date: /home/ubuntu/f1tenth_ws/install/ydlidar_sdk/share/YDLIDAR_SDK/doc/tutorials/writing_lidar_tutorial_python.md
[2.122s] -- Up-to-date: /home/ubuntu/f1tenth_ws/install/ydlidar_sdk/share/YDLIDAR_SDK/doc/tutorials/writing_lidar_tutorial_c++.md
[2.122s] -- Up-to-date: /home/ubuntu/f1tenth_ws/install/ydlidar_sdk/share/YDLIDAR_SDK/doc/tutorials/writing_lidar_tutorial_c.md
[2.122s] -- Up-to-date: /home/ubuntu/f1tenth_ws/install/ydlidar_sdk/share/YDLIDAR_SDK/doc/tutorials/writing_lidar_network_adapter_tutorial_c++.md
[2.122s] -- Up-to-date: /home/ubuntu/f1tenth_ws/install/ydlidar_sdk/share/YDLIDAR_SDK/doc/SDK.pdf
[2.122s] -- Up-to-date: /home/ubuntu/f1tenth_ws/install/ydlidar_sdk/share/YDLIDAR_SDK/doc/FAQs
[2.122s] -- Up-to-date: /home/ubuntu/f1tenth_ws/install/ydlidar_sdk/share/YDLIDAR_SDK/doc/FAQs/Software_FAQs.md
[2.123s] -- Up-to-date: /home/ubuntu/f1tenth_ws/install/ydlidar_sdk/share/YDLIDAR_SDK/doc/FAQs/General_FAQs.md
[2.123s] -- Up-to-date: /home/ubuntu/f1tenth_ws/install/ydlidar_sdk/share/YDLIDAR_SDK/doc/FAQs/Hardware_FAQs.md
[2.123s] -- Up-to-date: /home/ubuntu/f1tenth_ws/install/ydlidar_sdk/share/YDLIDAR_SDK/doc/FAQs/Hardware_FAQs_cn.md
[2.124s] -- Up-to-date: /home/ubuntu/f1tenth_ws/install/ydlidar_sdk/share/YDLIDAR_SDK/doc/FAQs/General_FAQs_cn.md
[2.124s] -- Up-to-date: /home/ubuntu/f1tenth_ws/install/ydlidar_sdk/share/YDLIDAR_SDK/doc/FAQs/Software_FAQs_cn.md
[2.142s] -- Up-to-date: /home/ubuntu/f1tenth_ws/install/ydlidar_sdk/share/YDLIDAR_SDK/doc/FAQs/README.md
[2.142s] -- Up-to-date: /home/ubuntu/f1tenth_ws/install/ydlidar_sdk/share/YDLIDAR_SDK/doc/Diagram.md
[2.142s] -- Up-to-date: /home/ubuntu/f1tenth_ws/install/ydlidar_sdk/share/YDLIDAR_SDK/doc/YDLidar_SDK_Communication_Protocol.pdf
[2.142s] -- Up-to-date: /home/ubuntu/f1tenth_ws/install/ydlidar_sdk/share/YDLIDAR_SDK/doc/YDLidar-SDK-Communication-Protocol.md
[2.142s] -- Up-to-date: /home/ubuntu/f1tenth_ws/install/ydlidar_sdk/share/YDLIDAR_SDK/doc/images
[2.143s] -- Up-to-date: /home/ubuntu/f1tenth_ws/install/ydlidar_sdk/share/YDLIDAR_SDK/doc/images/FlowChart.png
[2.143s] -- Up-to-date: /home/ubuntu/f1tenth_ws/install/ydlidar_sdk/share/YDLIDAR_SDK/doc/images/system_workflow.png
[2.143s] -- Up-to-date: /home/ubuntu/f1tenth_ws/install/ydlidar_sdk/share/YDLIDAR_SDK/doc/images/sdk_scanning.png
[2.143s] -- Up-to-date: /home/ubuntu/f1tenth_ws/install/ydlidar_sdk/share/YDLIDAR_SDK/doc/images/YDLidar.jpg
[2.143s] -- Up-to-date: /home/ubuntu/f1tenth_ws/install/ydlidar_sdk/share/YDLIDAR_SDK/doc/images/frame_intensity.png
[2.143s] -- Up-to-date: /home/ubuntu/f1tenth_ws/install/ydlidar_sdk/share/YDLIDAR_SDK/doc/images/sdk_architecture.png
[2.143s] -- Up-to-date: /home/ubuntu/f1tenth_ws/install/ydlidar_sdk/share/YDLIDAR_SDK/doc/images/sequence.png
[2.143s] -- Up-to-date: /home/ubuntu/f1tenth_ws/install/ydlidar_sdk/share/YDLIDAR_SDK/doc/images/YDLidar.png
[2.143s] -- Up-to-date: /home/ubuntu/f1tenth_ws/install/ydlidar_sdk/share/YDLIDAR_SDK/doc/images/frame.png
[2.143s] -- Up-to-date: /home/ubuntu/f1tenth_ws/install/ydlidar_sdk/share/YDLIDAR_SDK/doc/images/angle_q2.png
[2.144s] -- Up-to-date: /home/ubuntu/f1tenth_ws/install/ydlidar_sdk/share/YDLIDAR_SDK/doc/images/EAI.png
[2.144s] -- Up-to-date: /home/ubuntu/f1tenth_ws/install/ydlidar_sdk/share/YDLIDAR_SDK/doc/images/communication_mechanism.png
[2.147s] -- Up-to-date: /home/ubuntu/f1tenth_ws/install/ydlidar_sdk/share/YDLIDAR_SDK/doc/images/sdk_init.png
[2.147s] -- Up-to-date: /home/ubuntu/f1tenth_ws/install/ydlidar_sdk/share/YDLIDAR_SDK/doc/Tutorials.md
[2.151s] -- Up-to-date: /home/ubuntu/f1tenth_ws/install/ydlidar_sdk/share/YDLIDAR_SDK/doc/YDLidar-SDK-Communication-Protocol.pdf
[2.152s] -- Up-to-date: /home/ubuntu/f1tenth_ws/install/ydlidar_sdk/share/YDLIDAR_SDK/doc/howto
[2.157s] -- Up-to-date: /home/ubuntu/f1tenth_ws/install/ydlidar_sdk/share/YDLIDAR_SDK/doc/howto/how_to_create_a_csharp_project.md
[2.157s] -- Up-to-date: /home/ubuntu/f1tenth_ws/install/ydlidar_sdk/share/YDLIDAR_SDK/doc/howto/how_to_gerenrate_vs_project_by_cmake.md
[2.158s] -- Up-to-date: /home/ubuntu/f1tenth_ws/install/ydlidar_sdk/share/YDLIDAR_SDK/doc/howto/how_to_build_and_install.md
[2.158s] -- Up-to-date: /home/ubuntu/f1tenth_ws/install/ydlidar_sdk/share/YDLIDAR_SDK/doc/howto/how_to_create_a_udev_rules.md
[2.158s] -- Up-to-date: /home/ubuntu/f1tenth_ws/install/ydlidar_sdk/share/YDLIDAR_SDK/doc/howto/how_to_solve_slow_pull_from_cn.md
[2.158s] -- Up-to-date: /home/ubuntu/f1tenth_ws/install/ydlidar_sdk/share/YDLIDAR_SDK/doc/howto/how_to_create_a_pull.md
[2.158s] -- Up-to-date: /home/ubuntu/f1tenth_ws/install/ydlidar_sdk/share/YDLIDAR_SDK/doc/howto/how_to_build_and_debug_using_vscode.md
[2.159s] -- Up-to-date: /home/ubuntu/f1tenth_ws/install/ydlidar_sdk/share/YDLIDAR_SDK/doc/howto/images
[2.159s] -- Up-to-date: /home/ubuntu/f1tenth_ws/install/ydlidar_sdk/share/YDLIDAR_SDK/doc/howto/images/cpack.png
[2.159s] -- Up-to-date: /home/ubuntu/f1tenth_ws/install/ydlidar_sdk/share/YDLIDAR_SDK/doc/howto/images/csharp_library.png
[2.159s] -- Up-to-date: /home/ubuntu/f1tenth_ws/install/ydlidar_sdk/share/YDLIDAR_SDK/doc/howto/images/csharp_running.png
[2.159s] -- Up-to-date: /home/ubuntu/f1tenth_ws/install/ydlidar_sdk/share/YDLIDAR_SDK/doc/howto/images/sdk_scanning.png
[2.159s] -- Up-to-date: /home/ubuntu/f1tenth_ws/install/ydlidar_sdk/share/YDLIDAR_SDK/doc/howto/images/sequence.png
[2.159s] -- Up-to-date: /home/ubuntu/f1tenth_ws/install/ydlidar_sdk/share/YDLIDAR_SDK/doc/howto/images/ttyUSB1.png
[2.167s] -- Up-to-date: /home/ubuntu/f1tenth_ws/install/ydlidar_sdk/share/YDLIDAR_SDK/doc/howto/images/csharp_project.png
[2.169s] -- Up-to-date: /home/ubuntu/f1tenth_ws/install/ydlidar_sdk/share/YDLIDAR_SDK/doc/howto/images/sdk_init.png
[2.170s] -- Up-to-date: /home/ubuntu/f1tenth_ws/install/ydlidar_sdk/share/YDLIDAR_SDK/doc/howto/images/ttyUSB0.png
[2.170s] -- Up-to-date: /home/ubuntu/f1tenth_ws/install/ydlidar_sdk/share/YDLIDAR_SDK/doc/howto/images/csharp_exception.png
[2.170s] -- Up-to-date: /home/ubuntu/f1tenth_ws/install/ydlidar_sdk/share/YDLIDAR_SDK/doc/howto/images/csharp_build.png
[2.170s] -- Up-to-date: /home/ubuntu/f1tenth_ws/install/ydlidar_sdk/share/YDLIDAR_SDK/doc/howto/images/vscode
[2.171s] -- Up-to-date: /home/ubuntu/f1tenth_ws/install/ydlidar_sdk/share/YDLIDAR_SDK/doc/howto/images/vscode/tasks.png
[2.171s] -- Up-to-date: /home/ubuntu/f1tenth_ws/install/ydlidar_sdk/share/YDLIDAR_SDK/doc/howto/images/vscode/run_tasks.jpg
[2.171s] -- Up-to-date: /home/ubuntu/f1tenth_ws/install/ydlidar_sdk/share/YDLIDAR_SDK/doc/howto/images/ydlidar_lidar_monitor.png
[2.171s] -- Up-to-date: /home/ubuntu/f1tenth_ws/install/ydlidar_sdk/share/YDLIDAR_SDK/doc/howto/README.md
[2.172s] -- Up-to-date: /home/ubuntu/f1tenth_ws/install/ydlidar_sdk/share/YDLIDAR_SDK/doc/README.md
[2.172s] -- Up-to-date: /home/ubuntu/f1tenth_ws/install/ydlidar_sdk/share/YDLIDAR_SDK/doc/quickstart
[2.173s] -- Up-to-date: /home/ubuntu/f1tenth_ws/install/ydlidar_sdk/share/YDLIDAR_SDK/doc/quickstart/ydlidar_sdk_software_installation_guide.md
[2.175s] -- Up-to-date: /home/ubuntu/f1tenth_ws/install/ydlidar_sdk/share/YDLIDAR_SDK/doc/quickstart/README.md
[2.175s] -- Up-to-date: /home/ubuntu/f1tenth_ws/install/ydlidar_sdk/startup/initenv.sh
[2.176s] -- Up-to-date: /home/ubuntu/f1tenth_ws/install/ydlidar_sdk/bin/et_test
[2.184s] -- Up-to-date: /home/ubuntu/f1tenth_ws/install/ydlidar_sdk/bin/gs_ota
[2.184s] -- Up-to-date: /home/ubuntu/f1tenth_ws/install/ydlidar_sdk/bin/gs_test
[2.187s] -- Up-to-date: /home/ubuntu/f1tenth_ws/install/ydlidar_sdk/bin/gs_test2
[2.187s] -- Up-to-date: /home/ubuntu/f1tenth_ws/install/ydlidar_sdk/bin/scl_test
[2.187s] -- Up-to-date: /home/ubuntu/f1tenth_ws/install/ydlidar_sdk/bin/sdm18_test
[2.192s] -- Up-to-date: /home/ubuntu/f1tenth_ws/install/ydlidar_sdk/bin/sdm_test
[2.192s] -- Up-to-date: /home/ubuntu/f1tenth_ws/install/ydlidar_sdk/bin/tea_test
[2.193s] -- Up-to-date: /home/ubuntu/f1tenth_ws/install/ydlidar_sdk/bin/tmini_test
[2.193s] -- Up-to-date: /home/ubuntu/f1tenth_ws/install/ydlidar_sdk/bin/tof_test
[2.193s] -- Up-to-date: /home/ubuntu/f1tenth_ws/install/ydlidar_sdk/bin/tri_and_gs_test
[2.193s] -- Up-to-date: /home/ubuntu/f1tenth_ws/install/ydlidar_sdk/bin/tri_restart
[2.193s] -- Up-to-date: /home/ubuntu/f1tenth_ws/install/ydlidar_sdk/bin/tri_test
[2.193s] -- Up-to-date: /home/ubuntu/f1tenth_ws/install/ydlidar_sdk/bin/lidar_c_api_test
[2.193s] Invoked command in '/home/ubuntu/f1tenth_ws/build/ydlidar_sdk' returned '0': /usr/bin/cmake --install /home/ubuntu/f1tenth_ws/build/ydlidar_sdk
