[0.048s] Invoking command in '/home/ubuntu/f1tenth_ws/build/example_description': CMAKE_PREFIX_PATH=${CMAKE_PREFIX_PATH}:/opt/ros/humble /usr/bin/cmake --build /home/ubuntu/f1tenth_ws/build/example_description -- -j4 -l4
[0.302s] Built target ament_cmake_python_copy_example_description
[0.793s] running egg_info
[0.793s] writing example_description.egg-info/PKG-INFO
[0.793s] writing dependency_links to example_description.egg-info/dependency_links.txt
[0.793s] writing top-level names to example_description.egg-info/top_level.txt
[0.804s] reading manifest file 'example_description.egg-info/SOURCES.txt'
[0.806s] writing manifest file 'example_description.egg-info/SOURCES.txt'
[0.967s] Built target ament_cmake_python_build_example_description_egg
[0.988s] Invoked command in '/home/ubuntu/f1tenth_ws/build/example_description' returned '0': CMAKE_PREFIX_PATH=${CMAKE_PREFIX_PATH}:/opt/ros/humble /usr/bin/cmake --build /home/ubuntu/f1tenth_ws/build/example_description -- -j4 -l4
[1.049s] Invoking command in '/home/ubuntu/f1tenth_ws/build/example_description': CMAKE_PREFIX_PATH=${CMAKE_PREFIX_PATH}:/opt/ros/humble /usr/bin/cmake --install /home/ubuntu/f1tenth_ws/build/example_description
[1.063s] -- Install configuration: ""
[1.066s] -- Up-to-date: /home/ubuntu/f1tenth_ws/install/example_description/share/example_description/environment/pythonpath.sh
[1.066s] -- Up-to-date: /home/ubuntu/f1tenth_ws/install/example_description/share/example_description/environment/pythonpath.dsv
[1.066s] -- Up-to-date: /home/ubuntu/f1tenth_ws/install/example_description/local/lib/python3.10/dist-packages/example_description-0.0.0-py3.10.egg-info
[1.066s] -- Installing: /home/ubuntu/f1tenth_ws/install/example_description/local/lib/python3.10/dist-packages/example_description-0.0.0-py3.10.egg-info/PKG-INFO
[1.066s] -- Installing: /home/ubuntu/f1tenth_ws/install/example_description/local/lib/python3.10/dist-packages/example_description-0.0.0-py3.10.egg-info/SOURCES.txt
[1.066s] -- Installing: /home/ubuntu/f1tenth_ws/install/example_description/local/lib/python3.10/dist-packages/example_description-0.0.0-py3.10.egg-info/top_level.txt
[1.066s] -- Installing: /home/ubuntu/f1tenth_ws/install/example_description/local/lib/python3.10/dist-packages/example_description-0.0.0-py3.10.egg-info/dependency_links.txt
[1.066s] -- Up-to-date: /home/ubuntu/f1tenth_ws/install/example_description/local/lib/python3.10/dist-packages/example_description
[1.067s] -- Up-to-date: /home/ubuntu/f1tenth_ws/install/example_description/local/lib/python3.10/dist-packages/example_description/__init__.py
[1.188s] Listing '/home/ubuntu/f1tenth_ws/install/example_description/local/lib/python3.10/dist-packages/example_description'...
[1.219s] -- Up-to-date: /home/ubuntu/f1tenth_ws/install/example_description/share/example_description/launch
[1.219s] -- Up-to-date: /home/ubuntu/f1tenth_ws/install/example_description/share/example_description/launch/simple_display.launch.py
[1.220s] -- Up-to-date: /home/ubuntu/f1tenth_ws/install/example_description/share/example_description/robot
[1.221s] -- Up-to-date: /home/ubuntu/f1tenth_ws/install/example_description/share/example_description/robot/visual
[1.221s] -- Up-to-date: /home/ubuntu/f1tenth_ws/install/example_description/share/example_description/robot/visual/properties.xacro
[1.222s] -- Up-to-date: /home/ubuntu/f1tenth_ws/install/example_description/share/example_description/robot/visual/manipulator.xacro
[1.222s] -- Up-to-date: /home/ubuntu/f1tenth_ws/install/example_description/share/example_description/robot/visual/robot.xacro
[1.222s] -- Up-to-date: /home/ubuntu/f1tenth_ws/install/example_description/share/example_description/robot/visual/mobile.xacro
[1.225s] -- Up-to-date: /home/ubuntu/f1tenth_ws/install/example_description/share/example_description/meshes
[1.226s] -- Up-to-date: /home/ubuntu/f1tenth_ws/install/example_description/share/example_description/meshes/link_2.stl
[1.226s] -- Up-to-date: /home/ubuntu/f1tenth_ws/install/example_description/share/example_description/meshes/end_effector.stl
[1.226s] -- Up-to-date: /home/ubuntu/f1tenth_ws/install/example_description/share/example_description/meshes/link_3.stl
[1.227s] -- Up-to-date: /home/ubuntu/f1tenth_ws/install/example_description/share/example_description/meshes/link_1.stl
[1.227s] -- Up-to-date: /home/ubuntu/f1tenth_ws/install/example_description/share/example_description/meshes/link_base.stl
[1.227s] -- Up-to-date: /home/ubuntu/f1tenth_ws/install/example_description/share/example_description/meshes/empty_mesh.stl
[1.227s] -- Up-to-date: /home/ubuntu/f1tenth_ws/install/example_description/share/example_description/config
[1.227s] -- Up-to-date: /home/ubuntu/f1tenth_ws/install/example_description/share/example_description/config/_display.rviz
[1.227s] -- Up-to-date: /home/ubuntu/f1tenth_ws/install/example_description/share/example_description/config/kinematics_parameters.yaml
[1.227s] -- Up-to-date: /home/ubuntu/f1tenth_ws/install/example_description/share/example_description/config/visual_parameters.yaml
[1.227s] -- Up-to-date: /home/ubuntu/f1tenth_ws/install/example_description/share/example_description/config/robot_bringup.rviz
[1.227s] -- Up-to-date: /home/ubuntu/f1tenth_ws/install/example_description/share/ament_index/resource_index/package_run_dependencies/example_description
[1.228s] -- Up-to-date: /home/ubuntu/f1tenth_ws/install/example_description/share/ament_index/resource_index/parent_prefix_path/example_description
[1.228s] -- Up-to-date: /home/ubuntu/f1tenth_ws/install/example_description/share/example_description/environment/ament_prefix_path.sh
[1.228s] -- Up-to-date: /home/ubuntu/f1tenth_ws/install/example_description/share/example_description/environment/ament_prefix_path.dsv
[1.228s] -- Up-to-date: /home/ubuntu/f1tenth_ws/install/example_description/share/example_description/environment/path.sh
[1.228s] -- Up-to-date: /home/ubuntu/f1tenth_ws/install/example_description/share/example_description/environment/path.dsv
[1.228s] -- Up-to-date: /home/ubuntu/f1tenth_ws/install/example_description/share/example_description/local_setup.bash
[1.228s] -- Up-to-date: /home/ubuntu/f1tenth_ws/install/example_description/share/example_description/local_setup.sh
[1.228s] -- Up-to-date: /home/ubuntu/f1tenth_ws/install/example_description/share/example_description/local_setup.zsh
[1.228s] -- Up-to-date: /home/ubuntu/f1tenth_ws/install/example_description/share/example_description/local_setup.dsv
[1.228s] -- Installing: /home/ubuntu/f1tenth_ws/install/example_description/share/example_description/package.dsv
[1.228s] -- Up-to-date: /home/ubuntu/f1tenth_ws/install/example_description/share/ament_index/resource_index/packages/example_description
[1.228s] -- Up-to-date: /home/ubuntu/f1tenth_ws/install/example_description/share/example_description/cmake/example_descriptionConfig.cmake
[1.228s] -- Up-to-date: /home/ubuntu/f1tenth_ws/install/example_description/share/example_description/cmake/example_descriptionConfig-version.cmake
[1.228s] -- Up-to-date: /home/ubuntu/f1tenth_ws/install/example_description/share/example_description/package.xml
[1.266s] Invoked command in '/home/ubuntu/f1tenth_ws/build/example_description' returned '0': CMAKE_PREFIX_PATH=${CMAKE_PREFIX_PATH}:/opt/ros/humble /usr/bin/cmake --install /home/ubuntu/f1tenth_ws/build/example_description
