[0.060s] Invoking command in '/home/ubuntu/f1tenth_ws/build/ydlidar_ros2_driver': CMAKE_PREFIX_PATH=${CMAKE_PREFIX_PATH}:/opt/ros/humble /usr/bin/cmake --build /home/ubuntu/f1tenth_ws/build/ydlidar_ros2_driver -- -j4 -l4
[0.407s] [ 50%] Built target ydlidar_ros2_driver_node
[0.602s] [100%] Built target ydlidar_ros2_driver_client
[0.735s] Invoked command in '/home/ubuntu/f1tenth_ws/build/ydlidar_ros2_driver' returned '0': CMAKE_PREFIX_PATH=${CMAKE_PREFIX_PATH}:/opt/ros/humble /usr/bin/cmake --build /home/ubuntu/f1tenth_ws/build/ydlidar_ros2_driver -- -j4 -l4
[0.902s] Invoking command in '/home/ubuntu/f1tenth_ws/build/ydlidar_ros2_driver': CMAKE_PREFIX_PATH=${CMAKE_PREFIX_PATH}:/opt/ros/humble /usr/bin/cmake --install /home/ubuntu/f1tenth_ws/build/ydlidar_ros2_driver
[0.987s] -- Install configuration: ""
[0.987s] -- Up-to-date: /home/ubuntu/f1tenth_ws/install/ydlidar_ros2_driver/lib/ydlidar_ros2_driver/ydlidar_ros2_driver_node
[0.988s] -- Up-to-date: /home/ubuntu/f1tenth_ws/install/ydlidar_ros2_driver/lib/ydlidar_ros2_driver/ydlidar_ros2_driver_client
[0.988s] -- Up-to-date: /home/ubuntu/f1tenth_ws/install/ydlidar_ros2_driver/share/ydlidar_ros2_driver/launch
[0.988s] -- Up-to-date: /home/ubuntu/f1tenth_ws/install/ydlidar_ros2_driver/share/ydlidar_ros2_driver/launch/ydlidar_launch.py
[0.988s] -- Up-to-date: /home/ubuntu/f1tenth_ws/install/ydlidar_ros2_driver/share/ydlidar_ros2_driver/launch/ydlidar_launch_view.py
[0.988s] -- Up-to-date: /home/ubuntu/f1tenth_ws/install/ydlidar_ros2_driver/share/ydlidar_ros2_driver/launch/ydlidar.py
[0.989s] -- Up-to-date: /home/ubuntu/f1tenth_ws/install/ydlidar_ros2_driver/share/ydlidar_ros2_driver/params
[0.989s] -- Up-to-date: /home/ubuntu/f1tenth_ws/install/ydlidar_ros2_driver/share/ydlidar_ros2_driver/params/TEA.yaml
[0.992s] -- Up-to-date: /home/ubuntu/f1tenth_ws/install/ydlidar_ros2_driver/share/ydlidar_ros2_driver/params/TminiPro.yaml
[0.992s] -- Up-to-date: /home/ubuntu/f1tenth_ws/install/ydlidar_ros2_driver/share/ydlidar_ros2_driver/params/G1.yaml
[0.992s] -- Up-to-date: /home/ubuntu/f1tenth_ws/install/ydlidar_ros2_driver/share/ydlidar_ros2_driver/params/GS2.yaml
[0.992s] -- Up-to-date: /home/ubuntu/f1tenth_ws/install/ydlidar_ros2_driver/share/ydlidar_ros2_driver/params/X2.yaml
[0.992s] -- Up-to-date: /home/ubuntu/f1tenth_ws/install/ydlidar_ros2_driver/share/ydlidar_ros2_driver/params/ydlidar.yaml
[0.994s] -- Up-to-date: /home/ubuntu/f1tenth_ws/install/ydlidar_ros2_driver/share/ydlidar_ros2_driver/params/X4.yaml
[0.995s] -- Up-to-date: /home/ubuntu/f1tenth_ws/install/ydlidar_ros2_driver/share/ydlidar_ros2_driver/params/G2.yaml
[0.997s] -- Up-to-date: /home/ubuntu/f1tenth_ws/install/ydlidar_ros2_driver/share/ydlidar_ros2_driver/params/X4-Pro.yaml
[0.997s] -- Up-to-date: /home/ubuntu/f1tenth_ws/install/ydlidar_ros2_driver/share/ydlidar_ros2_driver/params/TG.yaml
[0.997s] -- Up-to-date: /home/ubuntu/f1tenth_ws/install/ydlidar_ros2_driver/share/ydlidar_ros2_driver/params/G6.yaml
[0.997s] -- Up-to-date: /home/ubuntu/f1tenth_ws/install/ydlidar_ros2_driver/share/ydlidar_ros2_driver/startup
[0.997s] -- Up-to-date: /home/ubuntu/f1tenth_ws/install/ydlidar_ros2_driver/share/ydlidar_ros2_driver/startup/initenv.sh
[0.997s] -- Up-to-date: /home/ubuntu/f1tenth_ws/install/ydlidar_ros2_driver/share/ydlidar_ros2_driver/config
[0.997s] -- Up-to-date: /home/ubuntu/f1tenth_ws/install/ydlidar_ros2_driver/share/ydlidar_ros2_driver/config/ydlidar.rviz
[0.997s] -- Up-to-date: /home/ubuntu/f1tenth_ws/install/ydlidar_ros2_driver/share/ament_index/resource_index/package_run_dependencies/ydlidar_ros2_driver
[0.997s] -- Up-to-date: /home/ubuntu/f1tenth_ws/install/ydlidar_ros2_driver/share/ament_index/resource_index/parent_prefix_path/ydlidar_ros2_driver
[0.997s] -- Up-to-date: /home/ubuntu/f1tenth_ws/install/ydlidar_ros2_driver/share/ydlidar_ros2_driver/environment/ament_prefix_path.sh
[0.999s] -- Up-to-date: /home/ubuntu/f1tenth_ws/install/ydlidar_ros2_driver/share/ydlidar_ros2_driver/environment/ament_prefix_path.dsv
[1.000s] -- Up-to-date: /home/ubuntu/f1tenth_ws/install/ydlidar_ros2_driver/share/ydlidar_ros2_driver/environment/path.sh
[1.000s] -- Up-to-date: /home/ubuntu/f1tenth_ws/install/ydlidar_ros2_driver/share/ydlidar_ros2_driver/environment/path.dsv
[1.000s] -- Up-to-date: /home/ubuntu/f1tenth_ws/install/ydlidar_ros2_driver/share/ydlidar_ros2_driver/local_setup.bash
[1.000s] -- Up-to-date: /home/ubuntu/f1tenth_ws/install/ydlidar_ros2_driver/share/ydlidar_ros2_driver/local_setup.sh
[1.000s] -- Up-to-date: /home/ubuntu/f1tenth_ws/install/ydlidar_ros2_driver/share/ydlidar_ros2_driver/local_setup.zsh
[1.000s] -- Up-to-date: /home/ubuntu/f1tenth_ws/install/ydlidar_ros2_driver/share/ydlidar_ros2_driver/local_setup.dsv
[1.001s] -- Installing: /home/ubuntu/f1tenth_ws/install/ydlidar_ros2_driver/share/ydlidar_ros2_driver/package.dsv
[1.001s] -- Up-to-date: /home/ubuntu/f1tenth_ws/install/ydlidar_ros2_driver/share/ament_index/resource_index/packages/ydlidar_ros2_driver
[1.002s] -- Up-to-date: /home/ubuntu/f1tenth_ws/install/ydlidar_ros2_driver/share/ydlidar_ros2_driver/cmake/ydlidar_ros2_driverConfig.cmake
[1.002s] -- Up-to-date: /home/ubuntu/f1tenth_ws/install/ydlidar_ros2_driver/share/ydlidar_ros2_driver/cmake/ydlidar_ros2_driverConfig-version.cmake
[1.003s] -- Up-to-date: /home/ubuntu/f1tenth_ws/install/ydlidar_ros2_driver/share/ydlidar_ros2_driver/package.xml
[1.106s] Invoked command in '/home/ubuntu/f1tenth_ws/build/ydlidar_ros2_driver' returned '0': CMAKE_PREFIX_PATH=${CMAKE_PREFIX_PATH}:/opt/ros/humble /usr/bin/cmake --install /home/ubuntu/f1tenth_ws/build/ydlidar_ros2_driver
