[0.033s] Invoking command in '/home/ubuntu/f1tenth_ws/build/calibration_gen': CMAKE_PREFIX_PATH=${CMAKE_PREFIX_PATH}:/opt/ros/humble /usr/bin/cmake --build /home/ubuntu/f1tenth_ws/build/calibration_gen -- -j4 -l4
[0.180s] Built target ament_cmake_python_copy_calibration_gen
[0.683s] running egg_info
[0.683s] writing calibration_gen.egg-info/PKG-INFO
[0.685s] writing dependency_links to calibration_gen.egg-info/dependency_links.txt
[0.687s] writing top-level names to calibration_gen.egg-info/top_level.txt
[0.699s] reading manifest file 'calibration_gen.egg-info/SOURCES.txt'
[0.699s] writing manifest file 'calibration_gen.egg-info/SOURCES.txt'
[0.834s] Built target ament_cmake_python_build_calibration_gen_egg
[0.856s] Invoked command in '/home/ubuntu/f1tenth_ws/build/calibration_gen' returned '0': CMAKE_PREFIX_PATH=${CMAKE_PREFIX_PATH}:/opt/ros/humble /usr/bin/cmake --build /home/ubuntu/f1tenth_ws/build/calibration_gen -- -j4 -l4
[0.905s] Invoking command in '/home/ubuntu/f1tenth_ws/build/calibration_gen': CMAKE_PREFIX_PATH=${CMAKE_PREFIX_PATH}:/opt/ros/humble /usr/bin/cmake --install /home/ubuntu/f1tenth_ws/build/calibration_gen
[0.915s] -- Install configuration: ""
[0.916s] -- Up-to-date: /home/ubuntu/f1tenth_ws/install/calibration_gen/share/calibration_gen/environment/pythonpath.sh
[0.916s] -- Up-to-date: /home/ubuntu/f1tenth_ws/install/calibration_gen/share/calibration_gen/environment/pythonpath.dsv
[0.916s] -- Up-to-date: /home/ubuntu/f1tenth_ws/install/calibration_gen/local/lib/python3.10/dist-packages/calibration_gen-0.0.0-py3.10.egg-info
[0.916s] -- Installing: /home/ubuntu/f1tenth_ws/install/calibration_gen/local/lib/python3.10/dist-packages/calibration_gen-0.0.0-py3.10.egg-info/PKG-INFO
[0.916s] -- Installing: /home/ubuntu/f1tenth_ws/install/calibration_gen/local/lib/python3.10/dist-packages/calibration_gen-0.0.0-py3.10.egg-info/SOURCES.txt
[0.919s] -- Installing: /home/ubuntu/f1tenth_ws/install/calibration_gen/local/lib/python3.10/dist-packages/calibration_gen-0.0.0-py3.10.egg-info/top_level.txt
[0.919s] -- Installing: /home/ubuntu/f1tenth_ws/install/calibration_gen/local/lib/python3.10/dist-packages/calibration_gen-0.0.0-py3.10.egg-info/dependency_links.txt
[0.919s] -- Up-to-date: /home/ubuntu/f1tenth_ws/install/calibration_gen/local/lib/python3.10/dist-packages/calibration_gen
[0.919s] -- Up-to-date: /home/ubuntu/f1tenth_ws/install/calibration_gen/local/lib/python3.10/dist-packages/calibration_gen/euler_angle_estimation.py
[0.919s] -- Up-to-date: /home/ubuntu/f1tenth_ws/install/calibration_gen/local/lib/python3.10/dist-packages/calibration_gen/__init__.py
[1.014s] Listing '/home/ubuntu/f1tenth_ws/install/calibration_gen/local/lib/python3.10/dist-packages/calibration_gen'...
[1.023s] -- Up-to-date: /home/ubuntu/f1tenth_ws/install/calibration_gen/lib/calibration_gen/signal_generate.py
[1.023s] -- Up-to-date: /home/ubuntu/f1tenth_ws/install/calibration_gen/lib/calibration_gen/imuread_node.py
[1.023s] -- Up-to-date: /home/ubuntu/f1tenth_ws/install/calibration_gen/lib/calibration_gen/cal_node.py
[1.023s] -- Up-to-date: /home/ubuntu/f1tenth_ws/install/calibration_gen/share/calibration_gen/config
[1.023s] -- Up-to-date: /home/ubuntu/f1tenth_ws/install/calibration_gen/share/calibration_gen/config/sensor_calibration.yaml
[1.023s] -- Up-to-date: /home/ubuntu/f1tenth_ws/install/calibration_gen/share/calibration_gen/config/config.yaml
[1.023s] -- Up-to-date: /home/ubuntu/f1tenth_ws/install/calibration_gen/share/calibration_gen/config/sensor_calibration _dynamic.yaml
[1.023s] -- Up-to-date: /home/ubuntu/f1tenth_ws/install/calibration_gen/share/calibration_gen/config/sensor_calibration_steady_state.yaml
[1.024s] -- Up-to-date: /home/ubuntu/f1tenth_ws/install/calibration_gen/share/ament_index/resource_index/package_run_dependencies/calibration_gen
[1.024s] -- Up-to-date: /home/ubuntu/f1tenth_ws/install/calibration_gen/share/ament_index/resource_index/parent_prefix_path/calibration_gen
[1.024s] -- Up-to-date: /home/ubuntu/f1tenth_ws/install/calibration_gen/share/calibration_gen/environment/ament_prefix_path.sh
[1.024s] -- Up-to-date: /home/ubuntu/f1tenth_ws/install/calibration_gen/share/calibration_gen/environment/ament_prefix_path.dsv
[1.024s] -- Up-to-date: /home/ubuntu/f1tenth_ws/install/calibration_gen/share/calibration_gen/environment/path.sh
[1.025s] -- Up-to-date: /home/ubuntu/f1tenth_ws/install/calibration_gen/share/calibration_gen/environment/path.dsv
[1.025s] -- Up-to-date: /home/ubuntu/f1tenth_ws/install/calibration_gen/share/calibration_gen/local_setup.bash
[1.025s] -- Up-to-date: /home/ubuntu/f1tenth_ws/install/calibration_gen/share/calibration_gen/local_setup.sh
[1.025s] -- Up-to-date: /home/ubuntu/f1tenth_ws/install/calibration_gen/share/calibration_gen/local_setup.zsh
[1.025s] -- Up-to-date: /home/ubuntu/f1tenth_ws/install/calibration_gen/share/calibration_gen/local_setup.dsv
[1.025s] -- Installing: /home/ubuntu/f1tenth_ws/install/calibration_gen/share/calibration_gen/package.dsv
[1.025s] -- Up-to-date: /home/ubuntu/f1tenth_ws/install/calibration_gen/share/ament_index/resource_index/packages/calibration_gen
[1.025s] -- Up-to-date: /home/ubuntu/f1tenth_ws/install/calibration_gen/share/calibration_gen/cmake/calibration_genConfig.cmake
[1.025s] -- Up-to-date: /home/ubuntu/f1tenth_ws/install/calibration_gen/share/calibration_gen/cmake/calibration_genConfig-version.cmake
[1.026s] -- Up-to-date: /home/ubuntu/f1tenth_ws/install/calibration_gen/share/calibration_gen/package.xml
[1.089s] Invoked command in '/home/ubuntu/f1tenth_ws/build/calibration_gen' returned '0': CMAKE_PREFIX_PATH=${CMAKE_PREFIX_PATH}:/opt/ros/humble /usr/bin/cmake --install /home/ubuntu/f1tenth_ws/build/calibration_gen
