[0.124s] Invoking command in '/home/ubuntu/f1tenth_ws/build/calibration_gen': CMAKE_PREFIX_PATH=${CMAKE_PREFIX_PATH}:/opt/ros/humble /usr/bin/cmake --build /home/ubuntu/f1tenth_ws/build/calibration_gen -- -j4 -l4
[0.417s] Built target ament_cmake_python_copy_calibration_gen
[2.078s] running egg_info
[2.090s] writing calibration_gen.egg-info/PKG-INFO
[2.091s] writing dependency_links to calibration_gen.egg-info/dependency_links.txt
[2.091s] writing top-level names to calibration_gen.egg-info/top_level.txt
[2.101s] reading manifest file 'calibration_gen.egg-info/SOURCES.txt'
[2.116s] writing manifest file 'calibration_gen.egg-info/SOURCES.txt'
[2.423s] Built target ament_cmake_python_build_calibration_gen_egg
[2.493s] Invoked command in '/home/ubuntu/f1tenth_ws/build/calibration_gen' returned '0': CMAKE_PREFIX_PATH=${CMAKE_PREFIX_PATH}:/opt/ros/humble /usr/bin/cmake --build /home/ubuntu/f1tenth_ws/build/calibration_gen -- -j4 -l4
[2.636s] Invoking command in '/home/ubuntu/f1tenth_ws/build/calibration_gen': CMAKE_PREFIX_PATH=${CMAKE_PREFIX_PATH}:/opt/ros/humble /usr/bin/cmake --install /home/ubuntu/f1tenth_ws/build/calibration_gen
[2.701s] -- Install configuration: ""
[2.702s] -- Up-to-date: /home/ubuntu/f1tenth_ws/install/calibration_gen/share/calibration_gen/environment/pythonpath.sh
[2.702s] -- Up-to-date: /home/ubuntu/f1tenth_ws/install/calibration_gen/share/calibration_gen/environment/pythonpath.dsv
[2.702s] -- Up-to-date: /home/ubuntu/f1tenth_ws/install/calibration_gen/local/lib/python3.10/dist-packages/calibration_gen-0.0.0-py3.10.egg-info
[2.702s] -- Installing: /home/ubuntu/f1tenth_ws/install/calibration_gen/local/lib/python3.10/dist-packages/calibration_gen-0.0.0-py3.10.egg-info/PKG-INFO
[2.705s] -- Installing: /home/ubuntu/f1tenth_ws/install/calibration_gen/local/lib/python3.10/dist-packages/calibration_gen-0.0.0-py3.10.egg-info/SOURCES.txt
[2.705s] -- Installing: /home/ubuntu/f1tenth_ws/install/calibration_gen/local/lib/python3.10/dist-packages/calibration_gen-0.0.0-py3.10.egg-info/top_level.txt
[2.709s] -- Installing: /home/ubuntu/f1tenth_ws/install/calibration_gen/local/lib/python3.10/dist-packages/calibration_gen-0.0.0-py3.10.egg-info/dependency_links.txt
[2.710s] -- Up-to-date: /home/ubuntu/f1tenth_ws/install/calibration_gen/local/lib/python3.10/dist-packages/calibration_gen
[2.710s] -- Up-to-date: /home/ubuntu/f1tenth_ws/install/calibration_gen/local/lib/python3.10/dist-packages/calibration_gen/euler_angle_estimation.py
[2.710s] -- Up-to-date: /home/ubuntu/f1tenth_ws/install/calibration_gen/local/lib/python3.10/dist-packages/calibration_gen/__init__.py
[2.966s] Listing '/home/ubuntu/f1tenth_ws/install/calibration_gen/local/lib/python3.10/dist-packages/calibration_gen'...
[3.010s] -- Up-to-date: /home/ubuntu/f1tenth_ws/install/calibration_gen/lib/calibration_gen/signal_generate.py
[3.016s] -- Up-to-date: /home/ubuntu/f1tenth_ws/install/calibration_gen/lib/calibration_gen/imuread_node.py
[3.016s] -- Up-to-date: /home/ubuntu/f1tenth_ws/install/calibration_gen/lib/calibration_gen/cal_node.py
[3.016s] -- Up-to-date: /home/ubuntu/f1tenth_ws/install/calibration_gen/share/calibration_gen/config
[3.018s] -- Up-to-date: /home/ubuntu/f1tenth_ws/install/calibration_gen/share/calibration_gen/config/sensor_calibration.yaml
[3.018s] -- Up-to-date: /home/ubuntu/f1tenth_ws/install/calibration_gen/share/calibration_gen/config/config.yaml
[3.018s] -- Up-to-date: /home/ubuntu/f1tenth_ws/install/calibration_gen/share/calibration_gen/config/sensor_calibration _dynamic.yaml
[3.019s] -- Up-to-date: /home/ubuntu/f1tenth_ws/install/calibration_gen/share/calibration_gen/config/sensor_calibration_steady_state.yaml
[3.019s] -- Up-to-date: /home/ubuntu/f1tenth_ws/install/calibration_gen/share/ament_index/resource_index/package_run_dependencies/calibration_gen
[3.019s] -- Up-to-date: /home/ubuntu/f1tenth_ws/install/calibration_gen/share/ament_index/resource_index/parent_prefix_path/calibration_gen
[3.019s] -- Up-to-date: /home/ubuntu/f1tenth_ws/install/calibration_gen/share/calibration_gen/environment/ament_prefix_path.sh
[3.019s] -- Up-to-date: /home/ubuntu/f1tenth_ws/install/calibration_gen/share/calibration_gen/environment/ament_prefix_path.dsv
[3.020s] -- Up-to-date: /home/ubuntu/f1tenth_ws/install/calibration_gen/share/calibration_gen/environment/path.sh
[3.020s] -- Up-to-date: /home/ubuntu/f1tenth_ws/install/calibration_gen/share/calibration_gen/environment/path.dsv
[3.020s] -- Up-to-date: /home/ubuntu/f1tenth_ws/install/calibration_gen/share/calibration_gen/local_setup.bash
[3.020s] -- Up-to-date: /home/ubuntu/f1tenth_ws/install/calibration_gen/share/calibration_gen/local_setup.sh
[3.020s] -- Up-to-date: /home/ubuntu/f1tenth_ws/install/calibration_gen/share/calibration_gen/local_setup.zsh
[3.021s] -- Up-to-date: /home/ubuntu/f1tenth_ws/install/calibration_gen/share/calibration_gen/local_setup.dsv
[3.021s] -- Installing: /home/ubuntu/f1tenth_ws/install/calibration_gen/share/calibration_gen/package.dsv
[3.021s] -- Up-to-date: /home/ubuntu/f1tenth_ws/install/calibration_gen/share/ament_index/resource_index/packages/calibration_gen
[3.021s] -- Up-to-date: /home/ubuntu/f1tenth_ws/install/calibration_gen/share/calibration_gen/cmake/calibration_genConfig.cmake
[3.021s] -- Up-to-date: /home/ubuntu/f1tenth_ws/install/calibration_gen/share/calibration_gen/cmake/calibration_genConfig-version.cmake
[3.022s] -- Up-to-date: /home/ubuntu/f1tenth_ws/install/calibration_gen/share/calibration_gen/package.xml
[3.026s] Invoked command in '/home/ubuntu/f1tenth_ws/build/calibration_gen' returned '0': CMAKE_PREFIX_PATH=${CMAKE_PREFIX_PATH}:/opt/ros/humble /usr/bin/cmake --install /home/ubuntu/f1tenth_ws/build/calibration_gen
