[0.045s] Invoking command in '/home/ubuntu/f1tenth_ws/build/ackerman_odometry': CMAKE_PREFIX_PATH=${CMAKE_PREFIX_PATH}:/opt/ros/humble /usr/bin/cmake --build /home/ubuntu/f1tenth_ws/build/ackerman_odometry -- -j4 -l4
[0.240s] [  0%] Built target ament_cmake_python_copy_ackerman_odometry
[0.251s] [100%] Built target cpp_node_test
[0.748s] running egg_info
[0.749s] writing ackerman_odometry.egg-info/PKG-INFO
[0.750s] writing dependency_links to ackerman_odometry.egg-info/dependency_links.txt
[0.750s] writing top-level names to ackerman_odometry.egg-info/top_level.txt
[0.759s] reading manifest file 'ackerman_odometry.egg-info/SOURCES.txt'
[0.764s] writing manifest file 'ackerman_odometry.egg-info/SOURCES.txt'
[0.893s] [100%] Built target ament_cmake_python_build_ackerman_odometry_egg
[0.913s] Invoked command in '/home/ubuntu/f1tenth_ws/build/ackerman_odometry' returned '0': CMAKE_PREFIX_PATH=${CMAKE_PREFIX_PATH}:/opt/ros/humble /usr/bin/cmake --build /home/ubuntu/f1tenth_ws/build/ackerman_odometry -- -j4 -l4
[0.982s] Invoking command in '/home/ubuntu/f1tenth_ws/build/ackerman_odometry': CMAKE_PREFIX_PATH=${CMAKE_PREFIX_PATH}:/opt/ros/humble /usr/bin/cmake --install /home/ubuntu/f1tenth_ws/build/ackerman_odometry
[1.003s] -- Install configuration: ""
[1.003s] -- Up-to-date: /home/ubuntu/f1tenth_ws/install/ackerman_odometry/share/ackerman_odometry/environment/pythonpath.sh
[1.005s] -- Up-to-date: /home/ubuntu/f1tenth_ws/install/ackerman_odometry/share/ackerman_odometry/environment/pythonpath.dsv
[1.005s] -- Up-to-date: /home/ubuntu/f1tenth_ws/install/ackerman_odometry/local/lib/python3.10/dist-packages/ackerman_odometry-0.0.0-py3.10.egg-info
[1.005s] -- Installing: /home/ubuntu/f1tenth_ws/install/ackerman_odometry/local/lib/python3.10/dist-packages/ackerman_odometry-0.0.0-py3.10.egg-info/PKG-INFO
[1.005s] -- Installing: /home/ubuntu/f1tenth_ws/install/ackerman_odometry/local/lib/python3.10/dist-packages/ackerman_odometry-0.0.0-py3.10.egg-info/SOURCES.txt
[1.005s] -- Installing: /home/ubuntu/f1tenth_ws/install/ackerman_odometry/local/lib/python3.10/dist-packages/ackerman_odometry-0.0.0-py3.10.egg-info/top_level.txt
[1.005s] -- Installing: /home/ubuntu/f1tenth_ws/install/ackerman_odometry/local/lib/python3.10/dist-packages/ackerman_odometry-0.0.0-py3.10.egg-info/dependency_links.txt
[1.006s] -- Up-to-date: /home/ubuntu/f1tenth_ws/install/ackerman_odometry/local/lib/python3.10/dist-packages/ackerman_odometry
[1.006s] -- Up-to-date: /home/ubuntu/f1tenth_ws/install/ackerman_odometry/local/lib/python3.10/dist-packages/ackerman_odometry/dummy_module.py
[1.006s] -- Up-to-date: /home/ubuntu/f1tenth_ws/install/ackerman_odometry/local/lib/python3.10/dist-packages/ackerman_odometry/__init__.py
[1.097s] Listing '/home/ubuntu/f1tenth_ws/install/ackerman_odometry/local/lib/python3.10/dist-packages/ackerman_odometry'...
[1.117s] -- Up-to-date: /home/ubuntu/f1tenth_ws/install/ackerman_odometry/lib/ackerman_odometry/dummy_script.py
[1.118s] -- Up-to-date: /home/ubuntu/f1tenth_ws/install/ackerman_odometry/lib/ackerman_odometry/odometry_calculation.py
[1.118s] -- Up-to-date: /home/ubuntu/f1tenth_ws/install/ackerman_odometry/lib/ackerman_odometry/cpp_node_test
[1.118s] -- Up-to-date: /home/ubuntu/f1tenth_ws/install/ackerman_odometry/share/ackerman_odometry
[1.118s] -- Up-to-date: /home/ubuntu/f1tenth_ws/install/ackerman_odometry/share/ament_index/resource_index/package_run_dependencies/ackerman_odometry
[1.118s] -- Up-to-date: /home/ubuntu/f1tenth_ws/install/ackerman_odometry/share/ament_index/resource_index/parent_prefix_path/ackerman_odometry
[1.118s] -- Up-to-date: /home/ubuntu/f1tenth_ws/install/ackerman_odometry/share/ackerman_odometry/environment/ament_prefix_path.sh
[1.118s] -- Up-to-date: /home/ubuntu/f1tenth_ws/install/ackerman_odometry/share/ackerman_odometry/environment/ament_prefix_path.dsv
[1.118s] -- Up-to-date: /home/ubuntu/f1tenth_ws/install/ackerman_odometry/share/ackerman_odometry/environment/path.sh
[1.118s] -- Up-to-date: /home/ubuntu/f1tenth_ws/install/ackerman_odometry/share/ackerman_odometry/environment/path.dsv
[1.118s] -- Up-to-date: /home/ubuntu/f1tenth_ws/install/ackerman_odometry/share/ackerman_odometry/local_setup.bash
[1.118s] -- Up-to-date: /home/ubuntu/f1tenth_ws/install/ackerman_odometry/share/ackerman_odometry/local_setup.sh
[1.119s] -- Up-to-date: /home/ubuntu/f1tenth_ws/install/ackerman_odometry/share/ackerman_odometry/local_setup.zsh
[1.119s] -- Up-to-date: /home/ubuntu/f1tenth_ws/install/ackerman_odometry/share/ackerman_odometry/local_setup.dsv
[1.119s] -- Installing: /home/ubuntu/f1tenth_ws/install/ackerman_odometry/share/ackerman_odometry/package.dsv
[1.119s] -- Up-to-date: /home/ubuntu/f1tenth_ws/install/ackerman_odometry/share/ament_index/resource_index/packages/ackerman_odometry
[1.119s] -- Up-to-date: /home/ubuntu/f1tenth_ws/install/ackerman_odometry/share/ackerman_odometry/cmake/ackerman_odometryConfig.cmake
[1.119s] -- Up-to-date: /home/ubuntu/f1tenth_ws/install/ackerman_odometry/share/ackerman_odometry/cmake/ackerman_odometryConfig-version.cmake
[1.119s] -- Up-to-date: /home/ubuntu/f1tenth_ws/install/ackerman_odometry/share/ackerman_odometry/package.xml
[1.172s] Invoked command in '/home/ubuntu/f1tenth_ws/build/ackerman_odometry' returned '0': CMAKE_PREFIX_PATH=${CMAKE_PREFIX_PATH}:/opt/ros/humble /usr/bin/cmake --install /home/ubuntu/f1tenth_ws/build/ackerman_odometry
