[0.054s] Invoking command in '/home/ubuntu/f1tenth_ws/build/ackerman_odometry': CMAKE_PREFIX_PATH=${CMAKE_PREFIX_PATH}:/opt/ros/humble /usr/bin/cmake --build /home/ubuntu/f1tenth_ws/build/ackerman_odometry -- -j4 -l4
[0.412s] [  0%] Built target ament_cmake_python_copy_ackerman_odometry
[0.505s] [100%] Built target cpp_node_test
[1.601s] running egg_info
[1.606s] writing ackerman_odometry.egg-info/PKG-INFO
[1.606s] writing dependency_links to ackerman_odometry.egg-info/dependency_links.txt
[1.606s] writing top-level names to ackerman_odometry.egg-info/top_level.txt
[1.620s] reading manifest file 'ackerman_odometry.egg-info/SOURCES.txt'
[1.620s] writing manifest file 'ackerman_odometry.egg-info/SOURCES.txt'
[1.759s] [100%] Built target ament_cmake_python_build_ackerman_odometry_egg
[1.780s] Invoked command in '/home/ubuntu/f1tenth_ws/build/ackerman_odometry' returned '0': CMAKE_PREFIX_PATH=${CMAKE_PREFIX_PATH}:/opt/ros/humble /usr/bin/cmake --build /home/ubuntu/f1tenth_ws/build/ackerman_odometry -- -j4 -l4
[1.878s] Invoking command in '/home/ubuntu/f1tenth_ws/build/ackerman_odometry': CMAKE_PREFIX_PATH=${CMAKE_PREFIX_PATH}:/opt/ros/humble /usr/bin/cmake --install /home/ubuntu/f1tenth_ws/build/ackerman_odometry
[1.902s] -- Install configuration: ""
[1.903s] -- Up-to-date: /home/ubuntu/f1tenth_ws/install/ackerman_odometry/share/ackerman_odometry/environment/pythonpath.sh
[1.903s] -- Up-to-date: /home/ubuntu/f1tenth_ws/install/ackerman_odometry/share/ackerman_odometry/environment/pythonpath.dsv
[1.903s] -- Up-to-date: /home/ubuntu/f1tenth_ws/install/ackerman_odometry/local/lib/python3.10/dist-packages/ackerman_odometry-0.0.0-py3.10.egg-info
[1.903s] -- Installing: /home/ubuntu/f1tenth_ws/install/ackerman_odometry/local/lib/python3.10/dist-packages/ackerman_odometry-0.0.0-py3.10.egg-info/PKG-INFO
[1.906s] -- Installing: /home/ubuntu/f1tenth_ws/install/ackerman_odometry/local/lib/python3.10/dist-packages/ackerman_odometry-0.0.0-py3.10.egg-info/SOURCES.txt
[1.911s] -- Installing: /home/ubuntu/f1tenth_ws/install/ackerman_odometry/local/lib/python3.10/dist-packages/ackerman_odometry-0.0.0-py3.10.egg-info/top_level.txt
[1.911s] -- Installing: /home/ubuntu/f1tenth_ws/install/ackerman_odometry/local/lib/python3.10/dist-packages/ackerman_odometry-0.0.0-py3.10.egg-info/dependency_links.txt
[1.912s] -- Up-to-date: /home/ubuntu/f1tenth_ws/install/ackerman_odometry/local/lib/python3.10/dist-packages/ackerman_odometry
[1.912s] -- Up-to-date: /home/ubuntu/f1tenth_ws/install/ackerman_odometry/local/lib/python3.10/dist-packages/ackerman_odometry/dummy_module.py
[1.912s] -- Up-to-date: /home/ubuntu/f1tenth_ws/install/ackerman_odometry/local/lib/python3.10/dist-packages/ackerman_odometry/__init__.py
[1.986s] Listing '/home/ubuntu/f1tenth_ws/install/ackerman_odometry/local/lib/python3.10/dist-packages/ackerman_odometry'...
[2.003s] -- Up-to-date: /home/ubuntu/f1tenth_ws/install/ackerman_odometry/lib/ackerman_odometry/dummy_script.py
[2.003s] -- Up-to-date: /home/ubuntu/f1tenth_ws/install/ackerman_odometry/lib/ackerman_odometry/odometry_calculation.py
[2.007s] -- Up-to-date: /home/ubuntu/f1tenth_ws/install/ackerman_odometry/lib/ackerman_odometry/cpp_node_test
[2.008s] -- Up-to-date: /home/ubuntu/f1tenth_ws/install/ackerman_odometry/share/ackerman_odometry
[2.008s] -- Up-to-date: /home/ubuntu/f1tenth_ws/install/ackerman_odometry/share/ament_index/resource_index/package_run_dependencies/ackerman_odometry
[2.016s] -- Up-to-date: /home/ubuntu/f1tenth_ws/install/ackerman_odometry/share/ament_index/resource_index/parent_prefix_path/ackerman_odometry
[2.018s] -- Up-to-date: /home/ubuntu/f1tenth_ws/install/ackerman_odometry/share/ackerman_odometry/environment/ament_prefix_path.sh
[2.018s] -- Up-to-date: /home/ubuntu/f1tenth_ws/install/ackerman_odometry/share/ackerman_odometry/environment/ament_prefix_path.dsv
[2.018s] -- Up-to-date: /home/ubuntu/f1tenth_ws/install/ackerman_odometry/share/ackerman_odometry/environment/path.sh
[2.018s] -- Up-to-date: /home/ubuntu/f1tenth_ws/install/ackerman_odometry/share/ackerman_odometry/environment/path.dsv
[2.018s] -- Up-to-date: /home/ubuntu/f1tenth_ws/install/ackerman_odometry/share/ackerman_odometry/local_setup.bash
[2.019s] -- Up-to-date: /home/ubuntu/f1tenth_ws/install/ackerman_odometry/share/ackerman_odometry/local_setup.sh
[2.019s] -- Up-to-date: /home/ubuntu/f1tenth_ws/install/ackerman_odometry/share/ackerman_odometry/local_setup.zsh
[2.019s] -- Up-to-date: /home/ubuntu/f1tenth_ws/install/ackerman_odometry/share/ackerman_odometry/local_setup.dsv
[2.019s] -- Installing: /home/ubuntu/f1tenth_ws/install/ackerman_odometry/share/ackerman_odometry/package.dsv
[2.020s] -- Up-to-date: /home/ubuntu/f1tenth_ws/install/ackerman_odometry/share/ament_index/resource_index/packages/ackerman_odometry
[2.021s] -- Up-to-date: /home/ubuntu/f1tenth_ws/install/ackerman_odometry/share/ackerman_odometry/cmake/ackerman_odometryConfig.cmake
[2.021s] -- Up-to-date: /home/ubuntu/f1tenth_ws/install/ackerman_odometry/share/ackerman_odometry/cmake/ackerman_odometryConfig-version.cmake
[2.021s] -- Up-to-date: /home/ubuntu/f1tenth_ws/install/ackerman_odometry/share/ackerman_odometry/package.xml
[2.023s] Invoked command in '/home/ubuntu/f1tenth_ws/build/ackerman_odometry' returned '0': CMAKE_PREFIX_PATH=${CMAKE_PREFIX_PATH}:/opt/ros/humble /usr/bin/cmake --install /home/ubuntu/f1tenth_ws/build/ackerman_odometry
