[0.059s] Invoking command in '/home/ubuntu/f1tenth_ws/build/ydlidar_ros2_driver': CMAKE_PREFIX_PATH=${CMAKE_PREFIX_PATH}:/opt/ros/humble /usr/bin/cmake --build /home/ubuntu/f1tenth_ws/build/ydlidar_ros2_driver -- -j4 -l4
[0.497s] [ 50%] Built target ydlidar_ros2_driver_client
[0.514s] [100%] Built target ydlidar_ros2_driver_node
[0.623s] Invoked command in '/home/ubuntu/f1tenth_ws/build/ydlidar_ros2_driver' returned '0': CMAKE_PREFIX_PATH=${CMAKE_PREFIX_PATH}:/opt/ros/humble /usr/bin/cmake --build /home/ubuntu/f1tenth_ws/build/ydlidar_ros2_driver -- -j4 -l4
[0.780s] Invoking command in '/home/ubuntu/f1tenth_ws/build/ydlidar_ros2_driver': CMAKE_PREFIX_PATH=${CMAKE_PREFIX_PATH}:/opt/ros/humble /usr/bin/cmake --install /home/ubuntu/f1tenth_ws/build/ydlidar_ros2_driver
[0.826s] -- Install configuration: ""
[0.829s] -- Up-to-date: /home/ubuntu/f1tenth_ws/install/ydlidar_ros2_driver/lib/ydlidar_ros2_driver/ydlidar_ros2_driver_node
[0.840s] -- Up-to-date: /home/ubuntu/f1tenth_ws/install/ydlidar_ros2_driver/lib/ydlidar_ros2_driver/ydlidar_ros2_driver_client
[0.844s] -- Up-to-date: /home/ubuntu/f1tenth_ws/install/ydlidar_ros2_driver/share/ydlidar_ros2_driver/launch
[0.844s] -- Up-to-date: /home/ubuntu/f1tenth_ws/install/ydlidar_ros2_driver/share/ydlidar_ros2_driver/launch/ydlidar_launch.py
[0.844s] -- Up-to-date: /home/ubuntu/f1tenth_ws/install/ydlidar_ros2_driver/share/ydlidar_ros2_driver/launch/ydlidar_launch_view.py
[0.845s] -- Up-to-date: /home/ubuntu/f1tenth_ws/install/ydlidar_ros2_driver/share/ydlidar_ros2_driver/launch/ydlidar.py
[0.845s] -- Up-to-date: /home/ubuntu/f1tenth_ws/install/ydlidar_ros2_driver/share/ydlidar_ros2_driver/params
[0.845s] -- Up-to-date: /home/ubuntu/f1tenth_ws/install/ydlidar_ros2_driver/share/ydlidar_ros2_driver/params/TEA.yaml
[0.845s] -- Up-to-date: /home/ubuntu/f1tenth_ws/install/ydlidar_ros2_driver/share/ydlidar_ros2_driver/params/TminiPro.yaml
[0.845s] -- Up-to-date: /home/ubuntu/f1tenth_ws/install/ydlidar_ros2_driver/share/ydlidar_ros2_driver/params/G1.yaml
[0.845s] -- Up-to-date: /home/ubuntu/f1tenth_ws/install/ydlidar_ros2_driver/share/ydlidar_ros2_driver/params/GS2.yaml
[0.857s] -- Up-to-date: /home/ubuntu/f1tenth_ws/install/ydlidar_ros2_driver/share/ydlidar_ros2_driver/params/X2.yaml
[0.858s] -- Up-to-date: /home/ubuntu/f1tenth_ws/install/ydlidar_ros2_driver/share/ydlidar_ros2_driver/params/ydlidar.yaml
[0.861s] -- Up-to-date: /home/ubuntu/f1tenth_ws/install/ydlidar_ros2_driver/share/ydlidar_ros2_driver/params/X4.yaml
[0.870s] -- Up-to-date: /home/ubuntu/f1tenth_ws/install/ydlidar_ros2_driver/share/ydlidar_ros2_driver/params/G2.yaml
[0.871s] -- Up-to-date: /home/ubuntu/f1tenth_ws/install/ydlidar_ros2_driver/share/ydlidar_ros2_driver/params/X4-Pro.yaml
[0.871s] -- Up-to-date: /home/ubuntu/f1tenth_ws/install/ydlidar_ros2_driver/share/ydlidar_ros2_driver/params/TG.yaml
[0.871s] -- Up-to-date: /home/ubuntu/f1tenth_ws/install/ydlidar_ros2_driver/share/ydlidar_ros2_driver/params/G6.yaml
[0.871s] -- Up-to-date: /home/ubuntu/f1tenth_ws/install/ydlidar_ros2_driver/share/ydlidar_ros2_driver/startup
[0.882s] -- Up-to-date: /home/ubuntu/f1tenth_ws/install/ydlidar_ros2_driver/share/ydlidar_ros2_driver/startup/initenv.sh
[0.886s] -- Up-to-date: /home/ubuntu/f1tenth_ws/install/ydlidar_ros2_driver/share/ydlidar_ros2_driver/config
[0.889s] -- Up-to-date: /home/ubuntu/f1tenth_ws/install/ydlidar_ros2_driver/share/ydlidar_ros2_driver/config/ydlidar.rviz
[0.893s] -- Up-to-date: /home/ubuntu/f1tenth_ws/install/ydlidar_ros2_driver/share/ament_index/resource_index/package_run_dependencies/ydlidar_ros2_driver
[0.893s] -- Up-to-date: /home/ubuntu/f1tenth_ws/install/ydlidar_ros2_driver/share/ament_index/resource_index/parent_prefix_path/ydlidar_ros2_driver
[0.893s] -- Up-to-date: /home/ubuntu/f1tenth_ws/install/ydlidar_ros2_driver/share/ydlidar_ros2_driver/environment/ament_prefix_path.sh
[0.893s] -- Up-to-date: /home/ubuntu/f1tenth_ws/install/ydlidar_ros2_driver/share/ydlidar_ros2_driver/environment/ament_prefix_path.dsv
[0.893s] -- Up-to-date: /home/ubuntu/f1tenth_ws/install/ydlidar_ros2_driver/share/ydlidar_ros2_driver/environment/path.sh
[0.893s] -- Up-to-date: /home/ubuntu/f1tenth_ws/install/ydlidar_ros2_driver/share/ydlidar_ros2_driver/environment/path.dsv
[0.893s] -- Up-to-date: /home/ubuntu/f1tenth_ws/install/ydlidar_ros2_driver/share/ydlidar_ros2_driver/local_setup.bash
[0.893s] -- Up-to-date: /home/ubuntu/f1tenth_ws/install/ydlidar_ros2_driver/share/ydlidar_ros2_driver/local_setup.sh
[0.897s] -- Up-to-date: /home/ubuntu/f1tenth_ws/install/ydlidar_ros2_driver/share/ydlidar_ros2_driver/local_setup.zsh
[0.898s] -- Up-to-date: /home/ubuntu/f1tenth_ws/install/ydlidar_ros2_driver/share/ydlidar_ros2_driver/local_setup.dsv
[0.915s] -- Installing: /home/ubuntu/f1tenth_ws/install/ydlidar_ros2_driver/share/ydlidar_ros2_driver/package.dsv
[0.921s] -- Up-to-date: /home/ubuntu/f1tenth_ws/install/ydlidar_ros2_driver/share/ament_index/resource_index/packages/ydlidar_ros2_driver
[0.923s] -- Up-to-date: /home/ubuntu/f1tenth_ws/install/ydlidar_ros2_driver/share/ydlidar_ros2_driver/cmake/ydlidar_ros2_driverConfig.cmake
[0.925s] -- Up-to-date: /home/ubuntu/f1tenth_ws/install/ydlidar_ros2_driver/share/ydlidar_ros2_driver/cmake/ydlidar_ros2_driverConfig-version.cmake
[0.925s] -- Up-to-date: /home/ubuntu/f1tenth_ws/install/ydlidar_ros2_driver/share/ydlidar_ros2_driver/package.xml
[0.926s] Invoked command in '/home/ubuntu/f1tenth_ws/build/ydlidar_ros2_driver' returned '0': CMAKE_PREFIX_PATH=${CMAKE_PREFIX_PATH}:/opt/ros/humble /usr/bin/cmake --install /home/ubuntu/f1tenth_ws/build/ydlidar_ros2_driver
