[0.130s] Invoking command in '/home/ubuntu/f1tenth_ws/build/robot_bridge': CMAKE_PREFIX_PATH=${CMAKE_PREFIX_PATH}:/opt/ros/humble /usr/bin/cmake --build /home/ubuntu/f1tenth_ws/build/robot_bridge -- -j4 -l4
[0.393s] [  0%] Built target ament_cmake_python_copy_robot_bridge
[0.530s] [100%] Built target cpp_node_test
[2.565s] running egg_info
[2.569s] writing robot_bridge.egg-info/PKG-INFO
[2.569s] writing dependency_links to robot_bridge.egg-info/dependency_links.txt
[2.571s] writing top-level names to robot_bridge.egg-info/top_level.txt
[2.588s] reading manifest file 'robot_bridge.egg-info/SOURCES.txt'
[2.593s] writing manifest file 'robot_bridge.egg-info/SOURCES.txt'
[2.876s] [100%] Built target ament_cmake_python_build_robot_bridge_egg
[2.950s] Invoked command in '/home/ubuntu/f1tenth_ws/build/robot_bridge' returned '0': CMAKE_PREFIX_PATH=${CMAKE_PREFIX_PATH}:/opt/ros/humble /usr/bin/cmake --build /home/ubuntu/f1tenth_ws/build/robot_bridge -- -j4 -l4
[3.119s] Invoking command in '/home/ubuntu/f1tenth_ws/build/robot_bridge': CMAKE_PREFIX_PATH=${CMAKE_PREFIX_PATH}:/opt/ros/humble /usr/bin/cmake --install /home/ubuntu/f1tenth_ws/build/robot_bridge
[3.135s] -- Install configuration: ""
[3.135s] -- Up-to-date: /home/ubuntu/f1tenth_ws/install/robot_bridge/share/robot_bridge/environment/pythonpath.sh
[3.135s] -- Up-to-date: /home/ubuntu/f1tenth_ws/install/robot_bridge/share/robot_bridge/environment/pythonpath.dsv
[3.135s] -- Up-to-date: /home/ubuntu/f1tenth_ws/install/robot_bridge/local/lib/python3.10/dist-packages/robot_bridge-0.0.0-py3.10.egg-info
[3.135s] -- Installing: /home/ubuntu/f1tenth_ws/install/robot_bridge/local/lib/python3.10/dist-packages/robot_bridge-0.0.0-py3.10.egg-info/PKG-INFO
[3.135s] -- Installing: /home/ubuntu/f1tenth_ws/install/robot_bridge/local/lib/python3.10/dist-packages/robot_bridge-0.0.0-py3.10.egg-info/SOURCES.txt
[3.139s] -- Installing: /home/ubuntu/f1tenth_ws/install/robot_bridge/local/lib/python3.10/dist-packages/robot_bridge-0.0.0-py3.10.egg-info/top_level.txt
[3.139s] -- Installing: /home/ubuntu/f1tenth_ws/install/robot_bridge/local/lib/python3.10/dist-packages/robot_bridge-0.0.0-py3.10.egg-info/dependency_links.txt
[3.139s] -- Up-to-date: /home/ubuntu/f1tenth_ws/install/robot_bridge/local/lib/python3.10/dist-packages/robot_bridge
[3.139s] -- Up-to-date: /home/ubuntu/f1tenth_ws/install/robot_bridge/local/lib/python3.10/dist-packages/robot_bridge/dummy_module.py
[3.144s] -- Up-to-date: /home/ubuntu/f1tenth_ws/install/robot_bridge/local/lib/python3.10/dist-packages/robot_bridge/mobile_cov_estimator.py
[3.144s] -- Up-to-date: /home/ubuntu/f1tenth_ws/install/robot_bridge/local/lib/python3.10/dist-packages/robot_bridge/Command.py
[3.144s] -- Up-to-date: /home/ubuntu/f1tenth_ws/install/robot_bridge/local/lib/python3.10/dist-packages/robot_bridge/mobile_kinematic.py
[3.144s] -- Up-to-date: /home/ubuntu/f1tenth_ws/install/robot_bridge/local/lib/python3.10/dist-packages/robot_bridge/__init__.py
[3.347s] Listing '/home/ubuntu/f1tenth_ws/install/robot_bridge/local/lib/python3.10/dist-packages/robot_bridge'...
[3.446s] -- Up-to-date: /home/ubuntu/f1tenth_ws/install/robot_bridge/lib/robot_bridge/cmd_odom.py
[3.446s] -- Up-to-date: /home/ubuntu/f1tenth_ws/install/robot_bridge/lib/robot_bridge/RobotCommand.py
[3.446s] -- Installing: /home/ubuntu/f1tenth_ws/install/robot_bridge/lib/robot_bridge/mcu_bridge.py
[3.447s] -- Up-to-date: /home/ubuntu/f1tenth_ws/install/robot_bridge/lib/robot_bridge/ackerman_yaw_rate_odom.py
[3.447s] -- Installing: /home/ubuntu/f1tenth_ws/install/robot_bridge/lib/robot_bridge/save_csv.py
[3.447s] -- Up-to-date: /home/ubuntu/f1tenth_ws/install/robot_bridge/lib/robot_bridge/via_points_generator.py
[3.447s] -- Up-to-date: /home/ubuntu/f1tenth_ws/install/robot_bridge/lib/robot_bridge/robot_navigator.py
[3.447s] -- Up-to-date: /home/ubuntu/f1tenth_ws/install/robot_bridge/lib/robot_bridge/save_odom_rosbag.py
[3.447s] -- Up-to-date: /home/ubuntu/f1tenth_ws/install/robot_bridge/lib/robot_bridge/joy_control.py
[3.452s] -- Installing: /home/ubuntu/f1tenth_ws/install/robot_bridge/lib/robot_bridge/t265_odom.py
[3.453s] -- Up-to-date: /home/ubuntu/f1tenth_ws/install/robot_bridge/lib/robot_bridge/robot_class.py
[3.453s] -- Up-to-date: /home/ubuntu/f1tenth_ws/install/robot_bridge/lib/robot_bridge/cpp_node_test
[3.453s] -- Up-to-date: /home/ubuntu/f1tenth_ws/install/robot_bridge/share/robot_bridge/launch
[3.453s] -- Up-to-date: /home/ubuntu/f1tenth_ws/install/robot_bridge/share/robot_bridge/launch/robot_bridge.launch.py
[3.453s] -- Up-to-date: /home/ubuntu/f1tenth_ws/install/robot_bridge/share/robot_bridge/launch/rosbag.launch.py
[3.454s] -- Up-to-date: /home/ubuntu/f1tenth_ws/install/robot_bridge/share/robot_bridge/launch/vmegarover_save_map.launch.py
[3.454s] -- Up-to-date: /home/ubuntu/f1tenth_ws/install/robot_bridge/share/robot_bridge/launch/carver_mapping.launch.py
[3.454s] -- Up-to-date: /home/ubuntu/f1tenth_ws/install/robot_bridge/share/robot_bridge/launch/robot_description.launch.py
[3.454s] -- Up-to-date: /home/ubuntu/f1tenth_ws/install/robot_bridge/share/robot_bridge/scripts
[3.454s] -- Up-to-date: /home/ubuntu/f1tenth_ws/install/robot_bridge/share/robot_bridge/scripts/save_odom_rosbag.py
[3.454s] -- Installing: /home/ubuntu/f1tenth_ws/install/robot_bridge/share/robot_bridge/scripts/t265_odom.py
[3.454s] -- Up-to-date: /home/ubuntu/f1tenth_ws/install/robot_bridge/share/robot_bridge/scripts/joy_control.py
[3.455s] -- Up-to-date: /home/ubuntu/f1tenth_ws/install/robot_bridge/share/robot_bridge/scripts/ackerman_yaw_rate_odom.py
[3.455s] -- Up-to-date: /home/ubuntu/f1tenth_ws/install/robot_bridge/share/robot_bridge/scripts/RobotCommand.py
[3.455s] -- Up-to-date: /home/ubuntu/f1tenth_ws/install/robot_bridge/share/robot_bridge/scripts/cmd_odom.py
[3.455s] -- Up-to-date: /home/ubuntu/f1tenth_ws/install/robot_bridge/share/robot_bridge/scripts/__pycache__
[3.455s] -- Up-to-date: /home/ubuntu/f1tenth_ws/install/robot_bridge/share/robot_bridge/scripts/__pycache__/robot_navigator.cpython-310.pyc
[3.455s] -- Up-to-date: /home/ubuntu/f1tenth_ws/install/robot_bridge/share/robot_bridge/scripts/__pycache__/robot_class.cpython-310.pyc
[3.455s] -- Up-to-date: /home/ubuntu/f1tenth_ws/install/robot_bridge/share/robot_bridge/scripts/robot_navigator.py
[3.455s] -- Installing: /home/ubuntu/f1tenth_ws/install/robot_bridge/share/robot_bridge/scripts/mcu_bridge.py
[3.456s] -- Up-to-date: /home/ubuntu/f1tenth_ws/install/robot_bridge/share/robot_bridge/scripts/robot_class.py
[3.456s] -- Installing: /home/ubuntu/f1tenth_ws/install/robot_bridge/share/robot_bridge/scripts/save_csv.py
[3.457s] -- Up-to-date: /home/ubuntu/f1tenth_ws/install/robot_bridge/share/robot_bridge/scripts/via_points_generator.py
[3.457s] -- Up-to-date: /home/ubuntu/f1tenth_ws/install/robot_bridge/share/robot_bridge/scripts/map_to_base_link_transform.py
[3.457s] -- Up-to-date: /home/ubuntu/f1tenth_ws/install/robot_bridge/share/robot_bridge/maps
[3.457s] -- Up-to-date: /home/ubuntu/f1tenth_ws/install/robot_bridge/share/robot_bridge/maps/gensurv_outdoor4.pgm
[3.457s] -- Up-to-date: /home/ubuntu/f1tenth_ws/install/robot_bridge/share/robot_bridge/maps/gensurv_city2.pgm
[3.457s] -- Up-to-date: /home/ubuntu/f1tenth_ws/install/robot_bridge/share/robot_bridge/maps/gensurv_outdoor.pgm
[3.457s] -- Up-to-date: /home/ubuntu/f1tenth_ws/install/robot_bridge/share/robot_bridge/maps/gensurv_outdoor4.yaml
[3.457s] -- Up-to-date: /home/ubuntu/f1tenth_ws/install/robot_bridge/share/robot_bridge/maps/gensurv_city2.yaml
[3.472s] -- Up-to-date: /home/ubuntu/f1tenth_ws/install/robot_bridge/share/robot_bridge/maps/real_city_2_keepout.yaml
[3.474s] -- Up-to-date: /home/ubuntu/f1tenth_ws/install/robot_bridge/share/robot_bridge/maps/real_city_2.pgm
[3.474s] -- Up-to-date: /home/ubuntu/f1tenth_ws/install/robot_bridge/share/robot_bridge/maps/gensurv_outdoor2.pgm
[3.483s] -- Up-to-date: /home/ubuntu/f1tenth_ws/install/robot_bridge/share/robot_bridge/maps/gensurv_outdoor.yaml
[3.486s] -- Up-to-date: /home/ubuntu/f1tenth_ws/install/robot_bridge/share/robot_bridge/maps/gensurv_outdoor3.pgm
[3.487s] -- Up-to-date: /home/ubuntu/f1tenth_ws/install/robot_bridge/share/robot_bridge/maps/gensurv_outdoor1_filtered_2.pgm
[3.488s] -- Up-to-date: /home/ubuntu/f1tenth_ws/install/robot_bridge/share/robot_bridge/maps/gensurv1.pgm
[3.489s] -- Up-to-date: /home/ubuntu/f1tenth_ws/install/robot_bridge/share/robot_bridge/maps/vmegarover_samplemap1.pgm
[3.489s] -- Up-to-date: /home/ubuntu/f1tenth_ws/install/robot_bridge/share/robot_bridge/maps/gensurv_city.pgm
[3.489s] -- Up-to-date: /home/ubuntu/f1tenth_ws/install/robot_bridge/share/robot_bridge/maps/real_city_keepout.yaml
[3.490s] -- Up-to-date: /home/ubuntu/f1tenth_ws/install/robot_bridge/share/robot_bridge/maps/FIBO_floor5_AMCL.yaml
[3.491s] -- Up-to-date: /home/ubuntu/f1tenth_ws/install/robot_bridge/share/robot_bridge/maps/real_city_keepout.pgm
[3.505s] -- Up-to-date: /home/ubuntu/f1tenth_ws/install/robot_bridge/share/robot_bridge/maps/vmegarover_samplemap1.yaml
[3.505s] -- Up-to-date: /home/ubuntu/f1tenth_ws/install/robot_bridge/share/robot_bridge/maps/FIBO_floor5_AMCL_2.yaml
[3.508s] -- Up-to-date: /home/ubuntu/f1tenth_ws/install/robot_bridge/share/robot_bridge/maps/real_city_2_keepout.pgm
[3.508s] -- Up-to-date: /home/ubuntu/f1tenth_ws/install/robot_bridge/share/robot_bridge/maps/gensurv_outdoor1_filtered.pgm
[3.509s] -- Up-to-date: /home/ubuntu/f1tenth_ws/install/robot_bridge/share/robot_bridge/maps/gensurv_outdoor1.pgm
[3.509s] -- Up-to-date: /home/ubuntu/f1tenth_ws/install/robot_bridge/share/robot_bridge/maps/gensurv_outdoor1_filtered.yaml
[3.509s] -- Up-to-date: /home/ubuntu/f1tenth_ws/install/robot_bridge/share/robot_bridge/maps/gensurv_city.yaml
[3.509s] -- Up-to-date: /home/ubuntu/f1tenth_ws/install/robot_bridge/share/robot_bridge/maps/gensurv1.yaml
[3.515s] -- Up-to-date: /home/ubuntu/f1tenth_ws/install/robot_bridge/share/robot_bridge/maps/FIBO_floor5_AMCL.pgm
[3.515s] -- Up-to-date: /home/ubuntu/f1tenth_ws/install/robot_bridge/share/robot_bridge/maps/real_city.yaml
[3.515s] -- Up-to-date: /home/ubuntu/f1tenth_ws/install/robot_bridge/share/robot_bridge/maps/FIBO_floor5_AMCL_2.pgm
[3.515s] -- Up-to-date: /home/ubuntu/f1tenth_ws/install/robot_bridge/share/robot_bridge/maps/real_city_2.yaml
[3.515s] -- Up-to-date: /home/ubuntu/f1tenth_ws/install/robot_bridge/share/robot_bridge/maps/gensurv_outdoor2.yaml
[3.515s] -- Up-to-date: /home/ubuntu/f1tenth_ws/install/robot_bridge/share/robot_bridge/maps/real_city.pgm
[3.515s] -- Up-to-date: /home/ubuntu/f1tenth_ws/install/robot_bridge/share/robot_bridge/maps/gensurv_outdoor3.yaml
[3.516s] -- Up-to-date: /home/ubuntu/f1tenth_ws/install/robot_bridge/share/robot_bridge/maps/real_city_3.pgm
[3.516s] -- Up-to-date: /home/ubuntu/f1tenth_ws/install/robot_bridge/share/robot_bridge/maps/gensurv_outdoor1.yaml
[3.516s] -- Up-to-date: /home/ubuntu/f1tenth_ws/install/robot_bridge/share/robot_bridge/maps/real_city_3.yaml
[3.516s] -- Up-to-date: /home/ubuntu/f1tenth_ws/install/robot_bridge/share/robot_bridge/config
[3.516s] -- Up-to-date: /home/ubuntu/f1tenth_ws/install/robot_bridge/share/robot_bridge/config/mapper_params_online_sync.yaml
[3.516s] -- Up-to-date: /home/ubuntu/f1tenth_ws/install/robot_bridge/share/robot_bridge/config/navigation_param.yaml
[3.516s] -- Up-to-date: /home/ubuntu/f1tenth_ws/install/robot_bridge/share/robot_bridge/rviz
[3.520s] -- Up-to-date: /home/ubuntu/f1tenth_ws/install/robot_bridge/share/robot_bridge/rviz/mapping.rviz
[3.522s] -- Up-to-date: /home/ubuntu/f1tenth_ws/install/robot_bridge/share/robot_bridge/rviz/test.rviz
[3.522s] -- Up-to-date: /home/ubuntu/f1tenth_ws/install/robot_bridge/share/robot_bridge/rviz/navigation.rviz
[3.523s] -- Up-to-date: /home/ubuntu/f1tenth_ws/install/robot_bridge/share/robot_bridge/robot_bridge
[3.523s] -- Up-to-date: /home/ubuntu/f1tenth_ws/install/robot_bridge/share/robot_bridge/robot_bridge/dummy_module.py
[3.524s] -- Up-to-date: /home/ubuntu/f1tenth_ws/install/robot_bridge/share/robot_bridge/robot_bridge/mobile_cov_estimator.py
[3.524s] -- Up-to-date: /home/ubuntu/f1tenth_ws/install/robot_bridge/share/robot_bridge/robot_bridge/Command.py
[3.524s] -- Up-to-date: /home/ubuntu/f1tenth_ws/install/robot_bridge/share/robot_bridge/robot_bridge/mobile_kinematic.py
[3.524s] -- Up-to-date: /home/ubuntu/f1tenth_ws/install/robot_bridge/share/robot_bridge/robot_bridge/__init__.py
[3.524s] -- Up-to-date: /home/ubuntu/f1tenth_ws/install/robot_bridge/share/ament_index/resource_index/package_run_dependencies/robot_bridge
[3.524s] -- Up-to-date: /home/ubuntu/f1tenth_ws/install/robot_bridge/share/ament_index/resource_index/parent_prefix_path/robot_bridge
[3.524s] -- Up-to-date: /home/ubuntu/f1tenth_ws/install/robot_bridge/share/robot_bridge/environment/ament_prefix_path.sh
[3.524s] -- Up-to-date: /home/ubuntu/f1tenth_ws/install/robot_bridge/share/robot_bridge/environment/ament_prefix_path.dsv
[3.524s] -- Up-to-date: /home/ubuntu/f1tenth_ws/install/robot_bridge/share/robot_bridge/environment/path.sh
[3.525s] -- Up-to-date: /home/ubuntu/f1tenth_ws/install/robot_bridge/share/robot_bridge/environment/path.dsv
[3.526s] -- Up-to-date: /home/ubuntu/f1tenth_ws/install/robot_bridge/share/robot_bridge/local_setup.bash
[3.527s] -- Up-to-date: /home/ubuntu/f1tenth_ws/install/robot_bridge/share/robot_bridge/local_setup.sh
[3.527s] -- Up-to-date: /home/ubuntu/f1tenth_ws/install/robot_bridge/share/robot_bridge/local_setup.zsh
[3.527s] -- Up-to-date: /home/ubuntu/f1tenth_ws/install/robot_bridge/share/robot_bridge/local_setup.dsv
[3.527s] -- Installing: /home/ubuntu/f1tenth_ws/install/robot_bridge/share/robot_bridge/package.dsv
[3.527s] -- Up-to-date: /home/ubuntu/f1tenth_ws/install/robot_bridge/share/ament_index/resource_index/packages/robot_bridge
[3.527s] -- Up-to-date: /home/ubuntu/f1tenth_ws/install/robot_bridge/share/robot_bridge/cmake/robot_bridgeConfig.cmake
[3.527s] -- Up-to-date: /home/ubuntu/f1tenth_ws/install/robot_bridge/share/robot_bridge/cmake/robot_bridgeConfig-version.cmake
[3.528s] -- Up-to-date: /home/ubuntu/f1tenth_ws/install/robot_bridge/share/robot_bridge/package.xml
[3.586s] Invoked command in '/home/ubuntu/f1tenth_ws/build/robot_bridge' returned '0': CMAKE_PREFIX_PATH=${CMAKE_PREFIX_PATH}:/opt/ros/humble /usr/bin/cmake --install /home/ubuntu/f1tenth_ws/build/robot_bridge
