[0.044s] Invoking command in '/home/ubuntu/f1tenth_ws/build/ackerman_odometry': CMAKE_PREFIX_PATH=${CMAKE_PREFIX_PATH}:/opt/ros/humble /usr/bin/cmake --build /home/ubuntu/f1tenth_ws/build/ackerman_odometry -- -j4 -l4
[0.178s] [  0%] Built target ament_cmake_python_copy_ackerman_odometry
[0.227s] [100%] Built target cpp_node_test
[0.733s] running egg_info
[0.734s] writing ackerman_odometry.egg-info/PKG-INFO
[0.735s] writing dependency_links to ackerman_odometry.egg-info/dependency_links.txt
[0.738s] writing top-level names to ackerman_odometry.egg-info/top_level.txt
[0.754s] reading manifest file 'ackerman_odometry.egg-info/SOURCES.txt'
[0.755s] writing manifest file 'ackerman_odometry.egg-info/SOURCES.txt'
[0.875s] [100%] Built target ament_cmake_python_build_ackerman_odometry_egg
[0.899s] Invoked command in '/home/ubuntu/f1tenth_ws/build/ackerman_odometry' returned '0': CMAKE_PREFIX_PATH=${CMAKE_PREFIX_PATH}:/opt/ros/humble /usr/bin/cmake --build /home/ubuntu/f1tenth_ws/build/ackerman_odometry -- -j4 -l4
[0.943s] Invoking command in '/home/ubuntu/f1tenth_ws/build/ackerman_odometry': CMAKE_PREFIX_PATH=${CMAKE_PREFIX_PATH}:/opt/ros/humble /usr/bin/cmake --install /home/ubuntu/f1tenth_ws/build/ackerman_odometry
[0.967s] -- Install configuration: ""
[0.968s] -- Up-to-date: /home/ubuntu/f1tenth_ws/install/ackerman_odometry/share/ackerman_odometry/environment/pythonpath.sh
[0.968s] -- Up-to-date: /home/ubuntu/f1tenth_ws/install/ackerman_odometry/share/ackerman_odometry/environment/pythonpath.dsv
[0.968s] -- Up-to-date: /home/ubuntu/f1tenth_ws/install/ackerman_odometry/local/lib/python3.10/dist-packages/ackerman_odometry-0.0.0-py3.10.egg-info
[0.976s] -- Installing: /home/ubuntu/f1tenth_ws/install/ackerman_odometry/local/lib/python3.10/dist-packages/ackerman_odometry-0.0.0-py3.10.egg-info/PKG-INFO
[0.976s] -- Installing: /home/ubuntu/f1tenth_ws/install/ackerman_odometry/local/lib/python3.10/dist-packages/ackerman_odometry-0.0.0-py3.10.egg-info/SOURCES.txt
[0.976s] -- Installing: /home/ubuntu/f1tenth_ws/install/ackerman_odometry/local/lib/python3.10/dist-packages/ackerman_odometry-0.0.0-py3.10.egg-info/top_level.txt
[0.977s] -- Installing: /home/ubuntu/f1tenth_ws/install/ackerman_odometry/local/lib/python3.10/dist-packages/ackerman_odometry-0.0.0-py3.10.egg-info/dependency_links.txt
[0.977s] -- Up-to-date: /home/ubuntu/f1tenth_ws/install/ackerman_odometry/local/lib/python3.10/dist-packages/ackerman_odometry
[0.977s] -- Up-to-date: /home/ubuntu/f1tenth_ws/install/ackerman_odometry/local/lib/python3.10/dist-packages/ackerman_odometry/dummy_module.py
[0.977s] -- Up-to-date: /home/ubuntu/f1tenth_ws/install/ackerman_odometry/local/lib/python3.10/dist-packages/ackerman_odometry/__init__.py
[1.055s] Listing '/home/ubuntu/f1tenth_ws/install/ackerman_odometry/local/lib/python3.10/dist-packages/ackerman_odometry'...
[1.067s] -- Up-to-date: /home/ubuntu/f1tenth_ws/install/ackerman_odometry/lib/ackerman_odometry/dummy_script.py
[1.067s] -- Up-to-date: /home/ubuntu/f1tenth_ws/install/ackerman_odometry/lib/ackerman_odometry/odometry_calculation.py
[1.067s] -- Up-to-date: /home/ubuntu/f1tenth_ws/install/ackerman_odometry/lib/ackerman_odometry/cpp_node_test
[1.067s] -- Up-to-date: /home/ubuntu/f1tenth_ws/install/ackerman_odometry/share/ackerman_odometry
[1.067s] -- Up-to-date: /home/ubuntu/f1tenth_ws/install/ackerman_odometry/share/ament_index/resource_index/package_run_dependencies/ackerman_odometry
[1.070s] -- Up-to-date: /home/ubuntu/f1tenth_ws/install/ackerman_odometry/share/ament_index/resource_index/parent_prefix_path/ackerman_odometry
[1.070s] -- Up-to-date: /home/ubuntu/f1tenth_ws/install/ackerman_odometry/share/ackerman_odometry/environment/ament_prefix_path.sh
[1.070s] -- Up-to-date: /home/ubuntu/f1tenth_ws/install/ackerman_odometry/share/ackerman_odometry/environment/ament_prefix_path.dsv
[1.071s] -- Up-to-date: /home/ubuntu/f1tenth_ws/install/ackerman_odometry/share/ackerman_odometry/environment/path.sh
[1.071s] -- Up-to-date: /home/ubuntu/f1tenth_ws/install/ackerman_odometry/share/ackerman_odometry/environment/path.dsv
[1.071s] -- Up-to-date: /home/ubuntu/f1tenth_ws/install/ackerman_odometry/share/ackerman_odometry/local_setup.bash
[1.071s] -- Up-to-date: /home/ubuntu/f1tenth_ws/install/ackerman_odometry/share/ackerman_odometry/local_setup.sh
[1.071s] -- Up-to-date: /home/ubuntu/f1tenth_ws/install/ackerman_odometry/share/ackerman_odometry/local_setup.zsh
[1.071s] -- Up-to-date: /home/ubuntu/f1tenth_ws/install/ackerman_odometry/share/ackerman_odometry/local_setup.dsv
[1.072s] -- Installing: /home/ubuntu/f1tenth_ws/install/ackerman_odometry/share/ackerman_odometry/package.dsv
[1.072s] -- Up-to-date: /home/ubuntu/f1tenth_ws/install/ackerman_odometry/share/ament_index/resource_index/packages/ackerman_odometry
[1.072s] -- Up-to-date: /home/ubuntu/f1tenth_ws/install/ackerman_odometry/share/ackerman_odometry/cmake/ackerman_odometryConfig.cmake
[1.072s] -- Up-to-date: /home/ubuntu/f1tenth_ws/install/ackerman_odometry/share/ackerman_odometry/cmake/ackerman_odometryConfig-version.cmake
[1.072s] -- Up-to-date: /home/ubuntu/f1tenth_ws/install/ackerman_odometry/share/ackerman_odometry/package.xml
[1.107s] Invoked command in '/home/ubuntu/f1tenth_ws/build/ackerman_odometry' returned '0': CMAKE_PREFIX_PATH=${CMAKE_PREFIX_PATH}:/opt/ros/humble /usr/bin/cmake --install /home/ubuntu/f1tenth_ws/build/ackerman_odometry
