[0.045s] Invoking command in '/home/ubuntu/f1tenth_ws/build/calibration_gen': CMAKE_PREFIX_PATH=${CMAKE_PREFIX_PATH}:/opt/ros/humble /usr/bin/cmake --build /home/ubuntu/f1tenth_ws/build/calibration_gen -- -j4 -l4
[0.159s] Built target ament_cmake_python_copy_calibration_gen
[0.694s] running egg_info
[0.694s] writing calibration_gen.egg-info/PKG-INFO
[0.694s] writing dependency_links to calibration_gen.egg-info/dependency_links.txt
[0.695s] writing top-level names to calibration_gen.egg-info/top_level.txt
[0.701s] reading manifest file 'calibration_gen.egg-info/SOURCES.txt'
[0.704s] writing manifest file 'calibration_gen.egg-info/SOURCES.txt'
[0.840s] Built target ament_cmake_python_build_calibration_gen_egg
[0.869s] Invoked command in '/home/ubuntu/f1tenth_ws/build/calibration_gen' returned '0': CMAKE_PREFIX_PATH=${CMAKE_PREFIX_PATH}:/opt/ros/humble /usr/bin/cmake --build /home/ubuntu/f1tenth_ws/build/calibration_gen -- -j4 -l4
[0.912s] Invoking command in '/home/ubuntu/f1tenth_ws/build/calibration_gen': CMAKE_PREFIX_PATH=${CMAKE_PREFIX_PATH}:/opt/ros/humble /usr/bin/cmake --install /home/ubuntu/f1tenth_ws/build/calibration_gen
[0.926s] -- Install configuration: ""
[0.926s] -- Up-to-date: /home/ubuntu/f1tenth_ws/install/calibration_gen/share/calibration_gen/environment/pythonpath.sh
[0.926s] -- Up-to-date: /home/ubuntu/f1tenth_ws/install/calibration_gen/share/calibration_gen/environment/pythonpath.dsv
[0.927s] -- Up-to-date: /home/ubuntu/f1tenth_ws/install/calibration_gen/local/lib/python3.10/dist-packages/calibration_gen-0.0.0-py3.10.egg-info
[0.927s] -- Installing: /home/ubuntu/f1tenth_ws/install/calibration_gen/local/lib/python3.10/dist-packages/calibration_gen-0.0.0-py3.10.egg-info/PKG-INFO
[0.927s] -- Installing: /home/ubuntu/f1tenth_ws/install/calibration_gen/local/lib/python3.10/dist-packages/calibration_gen-0.0.0-py3.10.egg-info/SOURCES.txt
[0.927s] -- Installing: /home/ubuntu/f1tenth_ws/install/calibration_gen/local/lib/python3.10/dist-packages/calibration_gen-0.0.0-py3.10.egg-info/top_level.txt
[0.928s] -- Installing: /home/ubuntu/f1tenth_ws/install/calibration_gen/local/lib/python3.10/dist-packages/calibration_gen-0.0.0-py3.10.egg-info/dependency_links.txt
[0.928s] -- Up-to-date: /home/ubuntu/f1tenth_ws/install/calibration_gen/local/lib/python3.10/dist-packages/calibration_gen
[0.928s] -- Up-to-date: /home/ubuntu/f1tenth_ws/install/calibration_gen/local/lib/python3.10/dist-packages/calibration_gen/euler_angle_estimation.py
[0.929s] -- Up-to-date: /home/ubuntu/f1tenth_ws/install/calibration_gen/local/lib/python3.10/dist-packages/calibration_gen/__init__.py
[1.007s] Listing '/home/ubuntu/f1tenth_ws/install/calibration_gen/local/lib/python3.10/dist-packages/calibration_gen'...
[1.020s] -- Up-to-date: /home/ubuntu/f1tenth_ws/install/calibration_gen/lib/calibration_gen/signal_generate.py
[1.020s] -- Up-to-date: /home/ubuntu/f1tenth_ws/install/calibration_gen/lib/calibration_gen/imuread_node.py
[1.020s] -- Up-to-date: /home/ubuntu/f1tenth_ws/install/calibration_gen/lib/calibration_gen/cal_node.py
[1.020s] -- Up-to-date: /home/ubuntu/f1tenth_ws/install/calibration_gen/share/calibration_gen/config
[1.020s] -- Up-to-date: /home/ubuntu/f1tenth_ws/install/calibration_gen/share/calibration_gen/config/sensor_calibration.yaml
[1.021s] -- Up-to-date: /home/ubuntu/f1tenth_ws/install/calibration_gen/share/calibration_gen/config/config.yaml
[1.021s] -- Up-to-date: /home/ubuntu/f1tenth_ws/install/calibration_gen/share/calibration_gen/config/sensor_calibration _dynamic.yaml
[1.021s] -- Up-to-date: /home/ubuntu/f1tenth_ws/install/calibration_gen/share/calibration_gen/config/sensor_calibration_steady_state.yaml
[1.021s] -- Up-to-date: /home/ubuntu/f1tenth_ws/install/calibration_gen/share/ament_index/resource_index/package_run_dependencies/calibration_gen
[1.021s] -- Up-to-date: /home/ubuntu/f1tenth_ws/install/calibration_gen/share/ament_index/resource_index/parent_prefix_path/calibration_gen
[1.021s] -- Up-to-date: /home/ubuntu/f1tenth_ws/install/calibration_gen/share/calibration_gen/environment/ament_prefix_path.sh
[1.021s] -- Up-to-date: /home/ubuntu/f1tenth_ws/install/calibration_gen/share/calibration_gen/environment/ament_prefix_path.dsv
[1.021s] -- Up-to-date: /home/ubuntu/f1tenth_ws/install/calibration_gen/share/calibration_gen/environment/path.sh
[1.021s] -- Up-to-date: /home/ubuntu/f1tenth_ws/install/calibration_gen/share/calibration_gen/environment/path.dsv
[1.021s] -- Up-to-date: /home/ubuntu/f1tenth_ws/install/calibration_gen/share/calibration_gen/local_setup.bash
[1.022s] -- Up-to-date: /home/ubuntu/f1tenth_ws/install/calibration_gen/share/calibration_gen/local_setup.sh
[1.022s] -- Up-to-date: /home/ubuntu/f1tenth_ws/install/calibration_gen/share/calibration_gen/local_setup.zsh
[1.022s] -- Up-to-date: /home/ubuntu/f1tenth_ws/install/calibration_gen/share/calibration_gen/local_setup.dsv
[1.022s] -- Installing: /home/ubuntu/f1tenth_ws/install/calibration_gen/share/calibration_gen/package.dsv
[1.023s] -- Up-to-date: /home/ubuntu/f1tenth_ws/install/calibration_gen/share/ament_index/resource_index/packages/calibration_gen
[1.023s] -- Up-to-date: /home/ubuntu/f1tenth_ws/install/calibration_gen/share/calibration_gen/cmake/calibration_genConfig.cmake
[1.023s] -- Up-to-date: /home/ubuntu/f1tenth_ws/install/calibration_gen/share/calibration_gen/cmake/calibration_genConfig-version.cmake
[1.023s] -- Up-to-date: /home/ubuntu/f1tenth_ws/install/calibration_gen/share/calibration_gen/package.xml
[1.027s] Invoked command in '/home/ubuntu/f1tenth_ws/build/calibration_gen' returned '0': CMAKE_PREFIX_PATH=${CMAKE_PREFIX_PATH}:/opt/ros/humble /usr/bin/cmake --install /home/ubuntu/f1tenth_ws/build/calibration_gen
