[0.142s] Invoking command in '/home/ubuntu/f1tenth_ws/build/ydlidar_ros2_driver': CMAKE_PREFIX_PATH=/opt/ros/humble /usr/bin/cmake --build /home/ubuntu/f1tenth_ws/build/ydlidar_ros2_driver -- -j4 -l4
[0.319s] [35m[1mConsolidate compiler generated dependencies of target ydlidar_ros2_driver_node[0m
[0.410s] [ 50%] Built target ydlidar_ros2_driver_node
[0.462s] [35m[1mConsolidate compiler generated dependencies of target ydlidar_ros2_driver_client[0m
[0.526s] [100%] Built target ydlidar_ros2_driver_client
[0.570s] Invoked command in '/home/ubuntu/f1tenth_ws/build/ydlidar_ros2_driver' returned '0': CMAKE_PREFIX_PATH=/opt/ros/humble /usr/bin/cmake --build /home/ubuntu/f1tenth_ws/build/ydlidar_ros2_driver -- -j4 -l4
[0.689s] Invoking command in '/home/ubuntu/f1tenth_ws/build/ydlidar_ros2_driver': CMAKE_PREFIX_PATH=/opt/ros/humble /usr/bin/cmake --install /home/ubuntu/f1tenth_ws/build/ydlidar_ros2_driver
[0.762s] -- Install configuration: ""
[0.765s] -- Up-to-date: /home/ubuntu/f1tenth_ws/install/ydlidar_ros2_driver/lib/ydlidar_ros2_driver/ydlidar_ros2_driver_node
[0.766s] -- Up-to-date: /home/ubuntu/f1tenth_ws/install/ydlidar_ros2_driver/lib/ydlidar_ros2_driver/ydlidar_ros2_driver_client
[0.778s] -- Up-to-date: /home/ubuntu/f1tenth_ws/install/ydlidar_ros2_driver/share/ydlidar_ros2_driver/launch
[0.780s] -- Up-to-date: /home/ubuntu/f1tenth_ws/install/ydlidar_ros2_driver/share/ydlidar_ros2_driver/launch/ydlidar_launch.py
[0.780s] -- Up-to-date: /home/ubuntu/f1tenth_ws/install/ydlidar_ros2_driver/share/ydlidar_ros2_driver/launch/ydlidar_launch_view.py
[0.781s] -- Up-to-date: /home/ubuntu/f1tenth_ws/install/ydlidar_ros2_driver/share/ydlidar_ros2_driver/launch/ydlidar.py
[0.781s] -- Up-to-date: /home/ubuntu/f1tenth_ws/install/ydlidar_ros2_driver/share/ydlidar_ros2_driver/params
[0.783s] -- Up-to-date: /home/ubuntu/f1tenth_ws/install/ydlidar_ros2_driver/share/ydlidar_ros2_driver/params/TEA.yaml
[0.784s] -- Up-to-date: /home/ubuntu/f1tenth_ws/install/ydlidar_ros2_driver/share/ydlidar_ros2_driver/params/TminiPro.yaml
[0.785s] -- Up-to-date: /home/ubuntu/f1tenth_ws/install/ydlidar_ros2_driver/share/ydlidar_ros2_driver/params/G1.yaml
[0.785s] -- Up-to-date: /home/ubuntu/f1tenth_ws/install/ydlidar_ros2_driver/share/ydlidar_ros2_driver/params/GS2.yaml
[0.785s] -- Up-to-date: /home/ubuntu/f1tenth_ws/install/ydlidar_ros2_driver/share/ydlidar_ros2_driver/params/X2.yaml
[0.785s] -- Up-to-date: /home/ubuntu/f1tenth_ws/install/ydlidar_ros2_driver/share/ydlidar_ros2_driver/params/ydlidar.yaml
[0.786s] -- Up-to-date: /home/ubuntu/f1tenth_ws/install/ydlidar_ros2_driver/share/ydlidar_ros2_driver/params/X4.yaml
[0.791s] -- Up-to-date: /home/ubuntu/f1tenth_ws/install/ydlidar_ros2_driver/share/ydlidar_ros2_driver/params/G2.yaml
[0.795s] -- Up-to-date: /home/ubuntu/f1tenth_ws/install/ydlidar_ros2_driver/share/ydlidar_ros2_driver/params/X4-Pro.yaml
[0.796s] -- Up-to-date: /home/ubuntu/f1tenth_ws/install/ydlidar_ros2_driver/share/ydlidar_ros2_driver/params/TG.yaml
[0.796s] -- Up-to-date: /home/ubuntu/f1tenth_ws/install/ydlidar_ros2_driver/share/ydlidar_ros2_driver/params/G6.yaml
[0.796s] -- Up-to-date: /home/ubuntu/f1tenth_ws/install/ydlidar_ros2_driver/share/ydlidar_ros2_driver/startup
[0.797s] -- Up-to-date: /home/ubuntu/f1tenth_ws/install/ydlidar_ros2_driver/share/ydlidar_ros2_driver/startup/initenv.sh
[0.797s] -- Up-to-date: /home/ubuntu/f1tenth_ws/install/ydlidar_ros2_driver/share/ydlidar_ros2_driver/config
[0.797s] -- Up-to-date: /home/ubuntu/f1tenth_ws/install/ydlidar_ros2_driver/share/ydlidar_ros2_driver/config/ydlidar.rviz
[0.797s] -- Up-to-date: /home/ubuntu/f1tenth_ws/install/ydlidar_ros2_driver/share/ament_index/resource_index/package_run_dependencies/ydlidar_ros2_driver
[0.797s] -- Up-to-date: /home/ubuntu/f1tenth_ws/install/ydlidar_ros2_driver/share/ament_index/resource_index/parent_prefix_path/ydlidar_ros2_driver
[0.798s] -- Up-to-date: /home/ubuntu/f1tenth_ws/install/ydlidar_ros2_driver/share/ydlidar_ros2_driver/environment/ament_prefix_path.sh
[0.798s] -- Up-to-date: /home/ubuntu/f1tenth_ws/install/ydlidar_ros2_driver/share/ydlidar_ros2_driver/environment/ament_prefix_path.dsv
[0.804s] -- Up-to-date: /home/ubuntu/f1tenth_ws/install/ydlidar_ros2_driver/share/ydlidar_ros2_driver/environment/path.sh
[0.804s] -- Up-to-date: /home/ubuntu/f1tenth_ws/install/ydlidar_ros2_driver/share/ydlidar_ros2_driver/environment/path.dsv
[0.804s] -- Up-to-date: /home/ubuntu/f1tenth_ws/install/ydlidar_ros2_driver/share/ydlidar_ros2_driver/local_setup.bash
[0.804s] -- Up-to-date: /home/ubuntu/f1tenth_ws/install/ydlidar_ros2_driver/share/ydlidar_ros2_driver/local_setup.sh
[0.805s] -- Up-to-date: /home/ubuntu/f1tenth_ws/install/ydlidar_ros2_driver/share/ydlidar_ros2_driver/local_setup.zsh
[0.805s] -- Up-to-date: /home/ubuntu/f1tenth_ws/install/ydlidar_ros2_driver/share/ydlidar_ros2_driver/local_setup.dsv
[0.805s] -- Installing: /home/ubuntu/f1tenth_ws/install/ydlidar_ros2_driver/share/ydlidar_ros2_driver/package.dsv
[0.805s] -- Up-to-date: /home/ubuntu/f1tenth_ws/install/ydlidar_ros2_driver/share/ament_index/resource_index/packages/ydlidar_ros2_driver
[0.805s] -- Up-to-date: /home/ubuntu/f1tenth_ws/install/ydlidar_ros2_driver/share/ydlidar_ros2_driver/cmake/ydlidar_ros2_driverConfig.cmake
[0.806s] -- Up-to-date: /home/ubuntu/f1tenth_ws/install/ydlidar_ros2_driver/share/ydlidar_ros2_driver/cmake/ydlidar_ros2_driverConfig-version.cmake
[0.806s] -- Up-to-date: /home/ubuntu/f1tenth_ws/install/ydlidar_ros2_driver/share/ydlidar_ros2_driver/package.xml
[0.806s] Invoked command in '/home/ubuntu/f1tenth_ws/build/ydlidar_ros2_driver' returned '0': CMAKE_PREFIX_PATH=/opt/ros/humble /usr/bin/cmake --install /home/ubuntu/f1tenth_ws/build/ydlidar_ros2_driver
